0 info it worked if it ends with ok
1 verbose cli [ 'C:\\Program Files\\nodejs\\node.exe',
1 verbose cli   'C:\\Users\\mcondit\\AppData\\Roaming\\npm\\node_modules\\npm\\bin\\npm-cli.js',
1 verbose cli   'install',
1 verbose cli   'bcrypt' ]
2 info using npm@3.10.8
3 info using node@v4.5.0
4 silly loadCurrentTree Starting
5 silly install loadCurrentTree
6 silly install readLocalPackageData
7 silly fetchPackageMetaData bcrypt
8 silly fetchNamedPackageData bcrypt
9 silly mapToRegistry name bcrypt
10 silly mapToRegistry using default registry
11 silly mapToRegistry registry https://registry.npmjs.org/
12 silly mapToRegistry data Result {
12 silly mapToRegistry   raw: 'bcrypt',
12 silly mapToRegistry   scope: null,
12 silly mapToRegistry   escapedName: 'bcrypt',
12 silly mapToRegistry   name: 'bcrypt',
12 silly mapToRegistry   rawSpec: '',
12 silly mapToRegistry   spec: 'latest',
12 silly mapToRegistry   type: 'tag' }
13 silly mapToRegistry uri https://registry.npmjs.org/bcrypt
14 verbose request uri https://registry.npmjs.org/bcrypt
15 verbose request no auth needed
16 info attempt registry request try #1 at 2:18:39 PM
17 verbose request id 2272de14ff90055d
18 verbose etag "2W7CTWO1ETKY4R5XARYMM9SFN"
19 http request GET https://registry.npmjs.org/bcrypt
20 http 304 https://registry.npmjs.org/bcrypt
21 verbose headers { date: 'Wed, 28 Sep 2016 18:18:39 GMT',
21 verbose headers   via: '1.1 varnish',
21 verbose headers   'cache-control': 'max-age=300',
21 verbose headers   etag: '"2W7CTWO1ETKY4R5XARYMM9SFN"',
21 verbose headers   age: '189',
21 verbose headers   connection: 'keep-alive',
21 verbose headers   'x-served-by': 'cache-bos8234-BOS',
21 verbose headers   'x-cache': 'HIT',
21 verbose headers   'x-cache-hits': '1',
21 verbose headers   'x-timer': 'S1475086719.670259,VS0,VE0',
21 verbose headers   vary: 'Accept-Encoding' }
22 silly get cb [ 304,
22 silly get   { date: 'Wed, 28 Sep 2016 18:18:39 GMT',
22 silly get     via: '1.1 varnish',
22 silly get     'cache-control': 'max-age=300',
22 silly get     etag: '"2W7CTWO1ETKY4R5XARYMM9SFN"',
22 silly get     age: '189',
22 silly get     connection: 'keep-alive',
22 silly get     'x-served-by': 'cache-bos8234-BOS',
22 silly get     'x-cache': 'HIT',
22 silly get     'x-cache-hits': '1',
22 silly get     'x-timer': 'S1475086719.670259,VS0,VE0',
22 silly get     vary: 'Accept-Encoding' } ]
23 verbose etag https://registry.npmjs.org/bcrypt from cache
24 verbose get saving bcrypt to C:\Users\mcondit\AppData\Roaming\npm-cache\registry.npmjs.org\bcrypt\.cache.json
25 verbose correctMkdir C:\Users\mcondit\AppData\Roaming\npm-cache correctMkdir not in flight; initializing
26 silly install normalizeTree
27 silly loadCurrentTree Finishing
28 silly loadIdealTree Starting
29 silly install loadIdealTree
30 silly cloneCurrentTree Starting
31 silly install cloneCurrentTreeToIdealTree
32 silly cloneCurrentTree Finishing
33 silly loadShrinkwrap Starting
34 silly install loadShrinkwrap
35 silly loadShrinkwrap Finishing
36 silly loadAllDepsIntoIdealTree Starting
37 silly install loadAllDepsIntoIdealTree
38 silly resolveWithNewModule bcrypt@0.8.7 checking installable status
39 silly cache add args [ 'bcrypt', null ]
40 verbose cache add spec bcrypt
41 silly cache add parsed spec Result {
41 silly cache add   raw: 'bcrypt',
41 silly cache add   scope: null,
41 silly cache add   escapedName: 'bcrypt',
41 silly cache add   name: 'bcrypt',
41 silly cache add   rawSpec: '',
41 silly cache add   spec: 'latest',
41 silly cache add   type: 'tag' }
42 silly addNamed bcrypt@latest
43 verbose addNamed "latest" is being treated as a dist-tag for bcrypt
44 info addNameTag [ 'bcrypt', 'latest' ]
45 silly mapToRegistry name bcrypt
46 silly mapToRegistry using default registry
47 silly mapToRegistry registry https://registry.npmjs.org/
48 silly mapToRegistry data Result {
48 silly mapToRegistry   raw: 'bcrypt',
48 silly mapToRegistry   scope: null,
48 silly mapToRegistry   escapedName: 'bcrypt',
48 silly mapToRegistry   name: 'bcrypt',
48 silly mapToRegistry   rawSpec: '',
48 silly mapToRegistry   spec: 'latest',
48 silly mapToRegistry   type: 'tag' }
49 silly mapToRegistry uri https://registry.npmjs.org/bcrypt
50 verbose addNameTag registry:https://registry.npmjs.org/bcrypt not in flight; fetching
51 verbose get https://registry.npmjs.org/bcrypt not expired, no request
52 silly addNameTag next cb for bcrypt with tag latest
53 silly addNamed bcrypt@0.8.7
54 verbose addNamed "0.8.7" is a plain semver version for bcrypt
55 silly cache afterAdd bcrypt@0.8.7
56 verbose afterAdd C:\Users\mcondit\AppData\Roaming\npm-cache\bcrypt\0.8.7\package\package.json not in flight; writing
57 verbose correctMkdir C:\Users\mcondit\AppData\Roaming\npm-cache correctMkdir not in flight; initializing
58 verbose afterAdd C:\Users\mcondit\AppData\Roaming\npm-cache\bcrypt\0.8.7\package\package.json written
59 silly fetchNamedPackageData bindings
60 silly mapToRegistry name bindings
61 silly mapToRegistry using default registry
62 silly mapToRegistry registry https://registry.npmjs.org/
63 silly mapToRegistry data Result {
63 silly mapToRegistry   raw: 'bindings',
63 silly mapToRegistry   scope: null,
63 silly mapToRegistry   escapedName: 'bindings',
63 silly mapToRegistry   name: 'bindings',
63 silly mapToRegistry   rawSpec: '',
63 silly mapToRegistry   spec: 'latest',
63 silly mapToRegistry   type: 'tag' }
64 silly mapToRegistry uri https://registry.npmjs.org/bindings
65 silly fetchNamedPackageData nan
66 silly mapToRegistry name nan
67 silly mapToRegistry using default registry
68 silly mapToRegistry registry https://registry.npmjs.org/
69 silly mapToRegistry data Result {
69 silly mapToRegistry   raw: 'nan',
69 silly mapToRegistry   scope: null,
69 silly mapToRegistry   escapedName: 'nan',
69 silly mapToRegistry   name: 'nan',
69 silly mapToRegistry   rawSpec: '',
69 silly mapToRegistry   spec: 'latest',
69 silly mapToRegistry   type: 'tag' }
70 silly mapToRegistry uri https://registry.npmjs.org/nan
71 verbose request uri https://registry.npmjs.org/bindings
72 verbose request no auth needed
73 info attempt registry request try #1 at 2:18:39 PM
74 verbose etag "C1AW6UVQGY4VZQGFC1WTIGMDV"
75 http request GET https://registry.npmjs.org/bindings
76 verbose request uri https://registry.npmjs.org/nan
77 verbose request no auth needed
78 info attempt registry request try #1 at 2:18:39 PM
79 verbose etag "1YJEPM5V4XH0MZT0HV3B8R9BB"
80 http request GET https://registry.npmjs.org/nan
81 http 304 https://registry.npmjs.org/bindings
82 verbose headers { date: 'Wed, 28 Sep 2016 18:18:39 GMT',
82 verbose headers   via: '1.1 varnish',
82 verbose headers   'cache-control': 'max-age=300',
82 verbose headers   etag: '"C1AW6UVQGY4VZQGFC1WTIGMDV"',
82 verbose headers   age: '112',
82 verbose headers   connection: 'keep-alive',
82 verbose headers   'x-served-by': 'cache-bos8234-BOS',
82 verbose headers   'x-cache': 'HIT',
82 verbose headers   'x-cache-hits': '2',
82 verbose headers   'x-timer': 'S1475086719.986824,VS0,VE0',
82 verbose headers   vary: 'Accept-Encoding' }
83 silly get cb [ 304,
83 silly get   { date: 'Wed, 28 Sep 2016 18:18:39 GMT',
83 silly get     via: '1.1 varnish',
83 silly get     'cache-control': 'max-age=300',
83 silly get     etag: '"C1AW6UVQGY4VZQGFC1WTIGMDV"',
83 silly get     age: '112',
83 silly get     connection: 'keep-alive',
83 silly get     'x-served-by': 'cache-bos8234-BOS',
83 silly get     'x-cache': 'HIT',
83 silly get     'x-cache-hits': '2',
83 silly get     'x-timer': 'S1475086719.986824,VS0,VE0',
83 silly get     vary: 'Accept-Encoding' } ]
84 verbose etag https://registry.npmjs.org/bindings from cache
85 verbose get saving bindings to C:\Users\mcondit\AppData\Roaming\npm-cache\registry.npmjs.org\bindings\.cache.json
86 verbose correctMkdir C:\Users\mcondit\AppData\Roaming\npm-cache correctMkdir not in flight; initializing
87 silly resolveWithNewModule bindings@1.2.1 checking installable status
88 silly cache add args [ 'bindings@1.2.1', null ]
89 verbose cache add spec bindings@1.2.1
90 silly cache add parsed spec Result {
90 silly cache add   raw: 'bindings@1.2.1',
90 silly cache add   scope: null,
90 silly cache add   escapedName: 'bindings',
90 silly cache add   name: 'bindings',
90 silly cache add   rawSpec: '1.2.1',
90 silly cache add   spec: '1.2.1',
90 silly cache add   type: 'version' }
91 silly addNamed bindings@1.2.1
92 verbose addNamed "1.2.1" is a plain semver version for bindings
93 silly mapToRegistry name bindings
94 silly mapToRegistry using default registry
95 silly mapToRegistry registry https://registry.npmjs.org/
96 silly mapToRegistry data Result {
96 silly mapToRegistry   raw: 'bindings',
96 silly mapToRegistry   scope: null,
96 silly mapToRegistry   escapedName: 'bindings',
96 silly mapToRegistry   name: 'bindings',
96 silly mapToRegistry   rawSpec: '',
96 silly mapToRegistry   spec: 'latest',
96 silly mapToRegistry   type: 'tag' }
97 silly mapToRegistry uri https://registry.npmjs.org/bindings
98 verbose addNameVersion registry:https://registry.npmjs.org/bindings not in flight; fetching
99 verbose get https://registry.npmjs.org/bindings not expired, no request
100 silly cache afterAdd bindings@1.2.1
101 verbose afterAdd C:\Users\mcondit\AppData\Roaming\npm-cache\bindings\1.2.1\package\package.json not in flight; writing
102 verbose correctMkdir C:\Users\mcondit\AppData\Roaming\npm-cache correctMkdir not in flight; initializing
103 verbose afterAdd C:\Users\mcondit\AppData\Roaming\npm-cache\bindings\1.2.1\package\package.json written
104 http 304 https://registry.npmjs.org/nan
105 verbose headers { date: 'Wed, 28 Sep 2016 18:18:40 GMT',
105 verbose headers   via: '1.1 varnish',
105 verbose headers   'cache-control': 'max-age=300',
105 verbose headers   etag: '"1YJEPM5V4XH0MZT0HV3B8R9BB"',
105 verbose headers   age: '116',
105 verbose headers   connection: 'keep-alive',
105 verbose headers   'x-served-by': 'cache-bos8226-BOS',
105 verbose headers   'x-cache': 'HIT',
105 verbose headers   'x-cache-hits': '2',
105 verbose headers   'x-timer': 'S1475086720.014293,VS0,VE0',
105 verbose headers   vary: 'Accept-Encoding' }
106 silly get cb [ 304,
106 silly get   { date: 'Wed, 28 Sep 2016 18:18:40 GMT',
106 silly get     via: '1.1 varnish',
106 silly get     'cache-control': 'max-age=300',
106 silly get     etag: '"1YJEPM5V4XH0MZT0HV3B8R9BB"',
106 silly get     age: '116',
106 silly get     connection: 'keep-alive',
106 silly get     'x-served-by': 'cache-bos8226-BOS',
106 silly get     'x-cache': 'HIT',
106 silly get     'x-cache-hits': '2',
106 silly get     'x-timer': 'S1475086720.014293,VS0,VE0',
106 silly get     vary: 'Accept-Encoding' } ]
107 verbose etag https://registry.npmjs.org/nan from cache
108 verbose get saving nan to C:\Users\mcondit\AppData\Roaming\npm-cache\registry.npmjs.org\nan\.cache.json
109 verbose correctMkdir C:\Users\mcondit\AppData\Roaming\npm-cache correctMkdir not in flight; initializing
110 silly resolveWithNewModule nan@2.3.5 checking installable status
111 silly cache add args [ 'nan@2.3.5', null ]
112 verbose cache add spec nan@2.3.5
113 silly cache add parsed spec Result {
113 silly cache add   raw: 'nan@2.3.5',
113 silly cache add   scope: null,
113 silly cache add   escapedName: 'nan',
113 silly cache add   name: 'nan',
113 silly cache add   rawSpec: '2.3.5',
113 silly cache add   spec: '2.3.5',
113 silly cache add   type: 'version' }
114 silly addNamed nan@2.3.5
115 verbose addNamed "2.3.5" is a plain semver version for nan
116 silly mapToRegistry name nan
117 silly mapToRegistry using default registry
118 silly mapToRegistry registry https://registry.npmjs.org/
119 silly mapToRegistry data Result {
119 silly mapToRegistry   raw: 'nan',
119 silly mapToRegistry   scope: null,
119 silly mapToRegistry   escapedName: 'nan',
119 silly mapToRegistry   name: 'nan',
119 silly mapToRegistry   rawSpec: '',
119 silly mapToRegistry   spec: 'latest',
119 silly mapToRegistry   type: 'tag' }
120 silly mapToRegistry uri https://registry.npmjs.org/nan
121 verbose addNameVersion registry:https://registry.npmjs.org/nan not in flight; fetching
122 verbose get https://registry.npmjs.org/nan not expired, no request
123 silly cache afterAdd nan@2.3.5
124 verbose afterAdd C:\Users\mcondit\AppData\Roaming\npm-cache\nan\2.3.5\package\package.json not in flight; writing
125 verbose correctMkdir C:\Users\mcondit\AppData\Roaming\npm-cache correctMkdir not in flight; initializing
126 verbose afterAdd C:\Users\mcondit\AppData\Roaming\npm-cache\nan\2.3.5\package\package.json written
127 silly fetchNamedPackageData fsevents
128 silly mapToRegistry name fsevents
129 silly mapToRegistry using default registry
130 silly mapToRegistry registry https://registry.npmjs.org/
131 silly mapToRegistry data Result {
131 silly mapToRegistry   raw: 'fsevents',
131 silly mapToRegistry   scope: null,
131 silly mapToRegistry   escapedName: 'fsevents',
131 silly mapToRegistry   name: 'fsevents',
131 silly mapToRegistry   rawSpec: '',
131 silly mapToRegistry   spec: 'latest',
131 silly mapToRegistry   type: 'tag' }
132 silly mapToRegistry uri https://registry.npmjs.org/fsevents
133 verbose request uri https://registry.npmjs.org/fsevents
134 verbose request no auth needed
135 info attempt registry request try #1 at 2:18:40 PM
136 verbose etag "BZFGM7JC7HRKW9OX618G2ICHV"
137 http request GET https://registry.npmjs.org/fsevents
138 http 304 https://registry.npmjs.org/fsevents
139 verbose headers { date: 'Wed, 28 Sep 2016 18:18:40 GMT',
139 verbose headers   via: '1.1 varnish',
139 verbose headers   'cache-control': 'max-age=300',
139 verbose headers   etag: '"BZFGM7JC7HRKW9OX618G2ICHV"',
139 verbose headers   age: '193',
139 verbose headers   connection: 'keep-alive',
139 verbose headers   'x-served-by': 'cache-bos8234-BOS',
139 verbose headers   'x-cache': 'HIT',
139 verbose headers   'x-cache-hits': '4',
139 verbose headers   'x-timer': 'S1475086720.199873,VS0,VE0',
139 verbose headers   vary: 'Accept-Encoding' }
140 silly get cb [ 304,
140 silly get   { date: 'Wed, 28 Sep 2016 18:18:40 GMT',
140 silly get     via: '1.1 varnish',
140 silly get     'cache-control': 'max-age=300',
140 silly get     etag: '"BZFGM7JC7HRKW9OX618G2ICHV"',
140 silly get     age: '193',
140 silly get     connection: 'keep-alive',
140 silly get     'x-served-by': 'cache-bos8234-BOS',
140 silly get     'x-cache': 'HIT',
140 silly get     'x-cache-hits': '4',
140 silly get     'x-timer': 'S1475086720.199873,VS0,VE0',
140 silly get     vary: 'Accept-Encoding' } ]
141 verbose etag https://registry.npmjs.org/fsevents from cache
142 verbose get saving fsevents to C:\Users\mcondit\AppData\Roaming\npm-cache\registry.npmjs.org\fsevents\.cache.json
143 verbose correctMkdir C:\Users\mcondit\AppData\Roaming\npm-cache correctMkdir not in flight; initializing
144 silly resolveWithNewModule fsevents@1.0.14 checking installable status
145 silly loadAllDepsIntoIdealTree Finishing
146 silly loadIdealTree Finishing
147 silly currentTree portfolio-app@0.0.0
147 silly currentTree +-- angular@1.5.8
147 silly currentTree +-- async@1.5.2
147 silly currentTree +-- babel-cli@6.14.0
147 silly currentTree | +-- babel-core@6.14.0
147 silly currentTree | | +-- babel-code-frame@6.11.0
147 silly currentTree | | | +-- esutils@2.0.2
147 silly currentTree | | | `-- js-tokens@2.0.0
147 silly currentTree | | +-- babel-generator@6.14.0
147 silly currentTree | | | `-- detect-indent@3.0.1
147 silly currentTree | | |   +-- get-stdin@4.0.1
147 silly currentTree | | |   +-- minimist@1.2.0
147 silly currentTree | | |   `-- repeating@1.1.3
147 silly currentTree | | |     `-- is-finite@1.0.1
147 silly currentTree | | |       `-- number-is-nan@1.0.0
147 silly currentTree | | +-- babel-helpers@6.8.0
147 silly currentTree | | +-- babel-messages@6.8.0
147 silly currentTree | | +-- babel-template@6.15.0
147 silly currentTree | | +-- babel-traverse@6.15.0
147 silly currentTree | | | +-- globals@8.18.0
147 silly currentTree | | | `-- invariant@2.2.1
147 silly currentTree | | |   `-- loose-envify@1.2.0
147 silly currentTree | | |     `-- js-tokens@1.0.3
147 silly currentTree | | +-- babel-types@6.15.0
147 silly currentTree | | | +-- esutils@2.0.2
147 silly currentTree | | | `-- to-fast-properties@1.0.2
147 silly currentTree | | +-- babylon@6.11.2
147 silly currentTree | | +-- json5@0.4.0
147 silly currentTree | | +-- minimatch@3.0.3
147 silly currentTree | | | `-- brace-expansion@1.1.6
147 silly currentTree | | |   +-- balanced-match@0.4.2
147 silly currentTree | | |   `-- concat-map@0.0.1
147 silly currentTree | | +-- private@0.1.6
147 silly currentTree | | `-- shebang-regex@1.0.0
147 silly currentTree | +-- babel-polyfill@6.13.0
147 silly currentTree | | +-- core-js@2.4.1
147 silly currentTree | | `-- regenerator-runtime@0.9.5
147 silly currentTree | +-- babel-register@6.14.0
147 silly currentTree | | +-- core-js@2.4.1
147 silly currentTree | | +-- home-or-tmp@1.0.0
147 silly currentTree | | | +-- os-tmpdir@1.0.1
147 silly currentTree | | | `-- user-home@1.1.1
147 silly currentTree | | +-- mkdirp@0.5.1
147 silly currentTree | | | `-- minimist@0.0.8
147 silly currentTree | | `-- source-map-support@0.2.10
147 silly currentTree | |   `-- source-map@0.1.32
147 silly currentTree | |     `-- amdefine@1.0.0
147 silly currentTree | +-- babel-runtime@6.11.6
147 silly currentTree | | +-- core-js@2.4.1
147 silly currentTree | | `-- regenerator-runtime@0.9.5
147 silly currentTree | +-- bin-version-check@2.1.0
147 silly currentTree | | +-- bin-version@1.0.4
147 silly currentTree | | | `-- find-versions@1.2.1
147 silly currentTree | | |   +-- array-uniq@1.0.3
147 silly currentTree | | |   +-- get-stdin@4.0.1
147 silly currentTree | | |   +-- meow@3.7.0
147 silly currentTree | | |   | +-- camelcase-keys@2.1.0
147 silly currentTree | | |   | | `-- camelcase@2.1.1
147 silly currentTree | | |   | +-- decamelize@1.2.0
147 silly currentTree | | |   | +-- loud-rejection@1.6.0
147 silly currentTree | | |   | | +-- currently-unhandled@0.4.1
147 silly currentTree | | |   | | | `-- array-find-index@1.0.1
147 silly currentTree | | |   | | `-- signal-exit@3.0.1
147 silly currentTree | | |   | +-- map-obj@1.0.1
147 silly currentTree | | |   | +-- normalize-package-data@2.3.5
147 silly currentTree | | |   | | +-- hosted-git-info@2.1.5
147 silly currentTree | | |   | | +-- is-builtin-module@1.0.0
147 silly currentTree | | |   | | | `-- builtin-modules@1.1.1
147 silly currentTree | | |   | | `-- validate-npm-package-license@3.0.1
147 silly currentTree | | |   | |   +-- spdx-correct@1.0.2
147 silly currentTree | | |   | |   | `-- spdx-license-ids@1.2.2
147 silly currentTree | | |   | |   `-- spdx-expression-parse@1.0.3
147 silly currentTree | | |   | +-- object-assign@4.1.0
147 silly currentTree | | |   | +-- read-pkg-up@1.0.1
147 silly currentTree | | |   | | +-- find-up@1.1.2
147 silly currentTree | | |   | | | +-- path-exists@2.1.0
147 silly currentTree | | |   | | | `-- pinkie-promise@2.0.1
147 silly currentTree | | |   | | |   `-- pinkie@2.0.4
147 silly currentTree | | |   | | `-- read-pkg@1.1.0
147 silly currentTree | | |   | |   +-- load-json-file@1.1.0
147 silly currentTree | | |   | |   | +-- graceful-fs@4.1.6
147 silly currentTree | | |   | |   | +-- parse-json@2.2.0
147 silly currentTree | | |   | |   | | `-- error-ex@1.3.0
147 silly currentTree | | |   | |   | |   `-- is-arrayish@0.2.1
147 silly currentTree | | |   | |   | +-- pify@2.3.0
147 silly currentTree | | |   | |   | +-- pinkie-promise@2.0.1
147 silly currentTree | | |   | |   | | `-- pinkie@2.0.4
147 silly currentTree | | |   | |   | `-- strip-bom@2.0.0
147 silly currentTree | | |   | |   |   `-- is-utf8@0.2.1
147 silly currentTree | | |   | |   `-- path-type@1.1.0
147 silly currentTree | | |   | |     +-- graceful-fs@4.1.6
147 silly currentTree | | |   | |     +-- pify@2.3.0
147 silly currentTree | | |   | |     `-- pinkie-promise@2.0.1
147 silly currentTree | | |   | |       `-- pinkie@2.0.4
147 silly currentTree | | |   | +-- redent@1.0.0
147 silly currentTree | | |   | | +-- indent-string@2.1.0
147 silly currentTree | | |   | | | `-- repeating@2.0.1
147 silly currentTree | | |   | | |   `-- is-finite@1.0.1
147 silly currentTree | | |   | | |     `-- number-is-nan@1.0.0
147 silly currentTree | | |   | | `-- strip-indent@1.0.1
147 silly currentTree | | |   | `-- trim-newlines@1.0.0
147 silly currentTree | | |   `-- semver-regex@1.0.0
147 silly currentTree | | +-- minimist@1.2.0
147 silly currentTree | | +-- semver-truncate@1.1.2
147 silly currentTree | | | `-- semver@5.3.0
147 silly currentTree | | `-- semver@4.3.6
147 silly currentTree | +-- chalk@1.1.1
147 silly currentTree | | +-- ansi-styles@2.2.1
147 silly currentTree | | +-- escape-string-regexp@1.0.5
147 silly currentTree | | +-- has-ansi@2.0.0
147 silly currentTree | | | `-- ansi-regex@2.0.0
147 silly currentTree | | +-- strip-ansi@3.0.1
147 silly currentTree | | | `-- ansi-regex@2.0.0
147 silly currentTree | | `-- supports-color@2.0.0
147 silly currentTree | +-- chokidar@1.6.0
147 silly currentTree | | +-- anymatch@1.3.0
147 silly currentTree | | | +-- arrify@1.0.1
147 silly currentTree | | | `-- micromatch@2.3.11
147 silly currentTree | | |   +-- arr-diff@2.0.0
147 silly currentTree | | |   | `-- arr-flatten@1.0.1
147 silly currentTree | | |   +-- array-unique@0.2.1
147 silly currentTree | | |   +-- braces@1.8.5
147 silly currentTree | | |   | +-- expand-range@1.8.2
147 silly currentTree | | |   | | `-- fill-range@2.2.3
147 silly currentTree | | |   | |   +-- is-number@2.1.0
147 silly currentTree | | |   | |   +-- isobject@2.1.0
147 silly currentTree | | |   | |   | `-- isarray@1.0.0
147 silly currentTree | | |   | |   +-- randomatic@1.1.5
147 silly currentTree | | |   | |   `-- repeat-string@1.5.4
147 silly currentTree | | |   | +-- preserve@0.2.0
147 silly currentTree | | |   | `-- repeat-element@1.1.2
147 silly currentTree | | |   +-- expand-brackets@0.1.5
147 silly currentTree | | |   | `-- is-posix-bracket@0.1.1
147 silly currentTree | | |   +-- extglob@0.3.2
147 silly currentTree | | |   +-- filename-regex@2.0.0
147 silly currentTree | | |   +-- is-extglob@1.0.0
147 silly currentTree | | |   +-- kind-of@3.0.4
147 silly currentTree | | |   | `-- is-buffer@1.1.4
147 silly currentTree | | |   +-- normalize-path@2.0.1
147 silly currentTree | | |   +-- object.omit@2.0.0
147 silly currentTree | | |   | +-- for-own@0.1.4
147 silly currentTree | | |   | | `-- for-in@0.1.6
147 silly currentTree | | |   | `-- is-extendable@0.1.1
147 silly currentTree | | |   +-- parse-glob@3.0.4
147 silly currentTree | | |   | +-- glob-base@0.3.0
147 silly currentTree | | |   | `-- is-dotfile@1.0.2
147 silly currentTree | | |   `-- regex-cache@0.4.3
147 silly currentTree | | |     +-- is-equal-shallow@0.1.3
147 silly currentTree | | |     `-- is-primitive@2.0.0
147 silly currentTree | | +-- async-each@1.0.1
147 silly currentTree | | +-- glob-parent@2.0.0
147 silly currentTree | | +-- inherits@2.0.3
147 silly currentTree | | +-- is-binary-path@1.0.1
147 silly currentTree | | | `-- binary-extensions@1.6.0
147 silly currentTree | | +-- is-glob@2.0.1
147 silly currentTree | | | `-- is-extglob@1.0.0
147 silly currentTree | | `-- readdirp@2.1.0
147 silly currentTree | |   +-- graceful-fs@4.1.6
147 silly currentTree | |   +-- minimatch@3.0.3
147 silly currentTree | |   | `-- brace-expansion@1.1.6
147 silly currentTree | |   |   +-- balanced-match@0.4.2
147 silly currentTree | |   |   `-- concat-map@0.0.1
147 silly currentTree | |   +-- readable-stream@2.1.5
147 silly currentTree | |   | +-- buffer-shims@1.0.0
147 silly currentTree | |   | +-- core-util-is@1.0.2
147 silly currentTree | |   | +-- isarray@1.0.0
147 silly currentTree | |   | +-- process-nextick-args@1.0.7
147 silly currentTree | |   | +-- string_decoder@0.10.31
147 silly currentTree | |   | `-- util-deprecate@1.0.2
147 silly currentTree | |   `-- set-immediate-shim@1.0.1
147 silly currentTree | +-- commander@2.9.0
147 silly currentTree | | `-- graceful-readlink@1.0.1
147 silly currentTree | +-- convert-source-map@1.3.0
147 silly currentTree | +-- fs-readdir-recursive@0.1.2
147 silly currentTree | +-- glob@5.0.15
147 silly currentTree | | +-- inflight@1.0.5
147 silly currentTree | | | `-- wrappy@1.0.2
147 silly currentTree | | +-- inherits@2.0.3
147 silly currentTree | | +-- minimatch@3.0.3
147 silly currentTree | | | `-- brace-expansion@1.1.6
147 silly currentTree | | |   +-- balanced-match@0.4.2
147 silly currentTree | | |   `-- concat-map@0.0.1
147 silly currentTree | | `-- once@1.4.0
147 silly currentTree | |   `-- wrappy@1.0.2
147 silly currentTree | +-- lodash@4.16.2
147 silly currentTree | +-- log-symbols@1.0.2
147 silly currentTree | +-- output-file-sync@1.1.2
147 silly currentTree | | +-- graceful-fs@4.1.6
147 silly currentTree | | +-- mkdirp@0.5.1
147 silly currentTree | | | `-- minimist@0.0.8
147 silly currentTree | | `-- object-assign@4.1.0
147 silly currentTree | +-- path-exists@1.0.0
147 silly currentTree | +-- path-is-absolute@1.0.0
147 silly currentTree | +-- request@2.75.0
147 silly currentTree | | +-- aws-sign2@0.6.0
147 silly currentTree | | +-- aws4@1.4.1
147 silly currentTree | | +-- bl@1.1.2
147 silly currentTree | | | `-- readable-stream@2.0.6
147 silly currentTree | | |   +-- core-util-is@1.0.2
147 silly currentTree | | |   +-- inherits@2.0.3
147 silly currentTree | | |   +-- isarray@1.0.0
147 silly currentTree | | |   +-- process-nextick-args@1.0.7
147 silly currentTree | | |   +-- string_decoder@0.10.31
147 silly currentTree | | |   `-- util-deprecate@1.0.2
147 silly currentTree | | +-- caseless@0.11.0
147 silly currentTree | | +-- combined-stream@1.0.5
147 silly currentTree | | | `-- delayed-stream@1.0.0
147 silly currentTree | | +-- extend@3.0.0
147 silly currentTree | | +-- forever-agent@0.6.1
147 silly currentTree | | +-- form-data@2.0.0
147 silly currentTree | | | `-- asynckit@0.4.0
147 silly currentTree | | +-- har-validator@2.0.6
147 silly currentTree | | | +-- is-my-json-valid@2.14.0
147 silly currentTree | | | | +-- generate-function@2.0.0
147 silly currentTree | | | | +-- generate-object-property@1.2.0
147 silly currentTree | | | | | `-- is-property@1.0.2
147 silly currentTree | | | | +-- jsonpointer@2.0.0
147 silly currentTree | | | | `-- xtend@4.0.1
147 silly currentTree | | | `-- pinkie-promise@2.0.1
147 silly currentTree | | |   `-- pinkie@2.0.4
147 silly currentTree | | +-- hawk@3.1.3
147 silly currentTree | | | +-- boom@2.10.1
147 silly currentTree | | | +-- cryptiles@2.0.5
147 silly currentTree | | | +-- hoek@2.16.3
147 silly currentTree | | | `-- sntp@1.0.9
147 silly currentTree | | +-- http-signature@1.1.1
147 silly currentTree | | | +-- assert-plus@0.2.0
147 silly currentTree | | | +-- jsprim@1.3.1
147 silly currentTree | | | | +-- extsprintf@1.0.2
147 silly currentTree | | | | +-- json-schema@0.2.3
147 silly currentTree | | | | `-- verror@1.3.6
147 silly currentTree | | | `-- sshpk@1.10.0
147 silly currentTree | | |   +-- asn1@0.2.3
147 silly currentTree | | |   +-- assert-plus@1.0.0
147 silly currentTree | | |   +-- bcrypt-pbkdf@1.0.0
147 silly currentTree | | |   | `-- tweetnacl@0.14.3
147 silly currentTree | | |   +-- dashdash@1.14.0
147 silly currentTree | | |   +-- ecc-jsbn@0.1.1
147 silly currentTree | | |   +-- getpass@0.1.6
147 silly currentTree | | |   +-- jodid25519@1.0.2
147 silly currentTree | | |   +-- jsbn@0.1.0
147 silly currentTree | | |   `-- tweetnacl@0.13.3
147 silly currentTree | | +-- is-typedarray@1.0.0
147 silly currentTree | | +-- isstream@0.1.2
147 silly currentTree | | +-- json-stringify-safe@5.0.1
147 silly currentTree | | +-- mime-types@2.1.12
147 silly currentTree | | | `-- mime-db@1.24.0
147 silly currentTree | | +-- node-uuid@1.4.7
147 silly currentTree | | +-- oauth-sign@0.8.2
147 silly currentTree | | +-- qs@6.2.1
147 silly currentTree | | +-- stringstream@0.0.5
147 silly currentTree | | +-- tough-cookie@2.3.1
147 silly currentTree | | `-- tunnel-agent@0.4.3
147 silly currentTree | +-- slash@1.0.0
147 silly currentTree | +-- source-map@0.5.6
147 silly currentTree | `-- v8flags@2.0.11
147 silly currentTree |   `-- user-home@1.1.1
147 silly currentTree +-- bluebird@2.10.2
147 silly currentTree +-- body-parser@1.15.2
147 silly currentTree | +-- bytes@2.4.0
147 silly currentTree | +-- content-type@1.0.2
147 silly currentTree | +-- depd@1.1.0
147 silly currentTree | +-- http-errors@1.5.0
147 silly currentTree | | +-- inherits@2.0.1
147 silly currentTree | | +-- setprototypeof@1.0.1
147 silly currentTree | | `-- statuses@1.3.0
147 silly currentTree | +-- iconv-lite@0.4.13
147 silly currentTree | +-- on-finished@2.3.0
147 silly currentTree | | `-- ee-first@1.1.1
147 silly currentTree | +-- qs@6.2.0
147 silly currentTree | +-- raw-body@2.1.7
147 silly currentTree | | `-- unpipe@1.0.0
147 silly currentTree | `-- type-is@1.6.13
147 silly currentTree |   +-- media-typer@0.3.0
147 silly currentTree |   `-- mime-types@2.1.11
147 silly currentTree |     `-- mime-db@1.23.0
147 silly currentTree +-- bson@0.5.5
147 silly currentTree +-- buffer-shims@1.0.0
147 silly currentTree +-- cookie-parser@1.4.3
147 silly currentTree | +-- cookie-signature@1.0.6
147 silly currentTree | `-- cookie@0.3.1
147 silly currentTree +-- core-util-is@1.0.2
147 silly currentTree +-- debug@2.2.0
147 silly currentTree | `-- ms@0.7.1
147 silly currentTree +-- es6-promise@3.2.1
147 silly currentTree +-- express-sitemap@1.6.5
147 silly currentTree | +-- setheaders@0.1.7
147 silly currentTree | `-- tickle@1.3.0
147 silly currentTree +-- express@4.13.4
147 silly currentTree | +-- accepts@1.2.13
147 silly currentTree | | +-- mime-types@2.1.11
147 silly currentTree | | | `-- mime-db@1.23.0
147 silly currentTree | | `-- negotiator@0.5.3
147 silly currentTree | +-- array-flatten@1.1.1
147 silly currentTree | +-- content-disposition@0.5.1
147 silly currentTree | +-- content-type@1.0.2
147 silly currentTree | +-- cookie-signature@1.0.6
147 silly currentTree | +-- cookie@0.1.5
147 silly currentTree | +-- depd@1.1.0
147 silly currentTree | +-- escape-html@1.0.3
147 silly currentTree | +-- etag@1.7.0
147 silly currentTree | +-- finalhandler@0.4.1
147 silly currentTree | | `-- unpipe@1.0.0
147 silly currentTree | +-- fresh@0.3.0
147 silly currentTree | +-- merge-descriptors@1.0.1
147 silly currentTree | +-- methods@1.1.2
147 silly currentTree | +-- on-finished@2.3.0
147 silly currentTree | | `-- ee-first@1.1.1
147 silly currentTree | +-- parseurl@1.3.1
147 silly currentTree | +-- path-to-regexp@0.1.7
147 silly currentTree | +-- proxy-addr@1.0.10
147 silly currentTree | | +-- forwarded@0.1.0
147 silly currentTree | | `-- ipaddr.js@1.0.5
147 silly currentTree | +-- qs@4.0.0
147 silly currentTree | +-- range-parser@1.0.3
147 silly currentTree | +-- send@0.13.1
147 silly currentTree | | +-- destroy@1.0.4
147 silly currentTree | | +-- http-errors@1.3.1
147 silly currentTree | | | `-- inherits@2.0.3
147 silly currentTree | | +-- mime@1.3.4
147 silly currentTree | | +-- ms@0.7.1
147 silly currentTree | | `-- statuses@1.2.1
147 silly currentTree | +-- serve-static@1.10.3
147 silly currentTree | | `-- send@0.13.2
147 silly currentTree | |   +-- destroy@1.0.4
147 silly currentTree | |   +-- http-errors@1.3.1
147 silly currentTree | |   | `-- inherits@2.0.3
147 silly currentTree | |   +-- mime@1.3.4
147 silly currentTree | |   +-- ms@0.7.1
147 silly currentTree | |   `-- statuses@1.2.1
147 silly currentTree | +-- type-is@1.6.13
147 silly currentTree | | +-- media-typer@0.3.0
147 silly currentTree | | `-- mime-types@2.1.11
147 silly currentTree | |   `-- mime-db@1.23.0
147 silly currentTree | +-- utils-merge@1.0.0
147 silly currentTree | `-- vary@1.0.1
147 silly currentTree +-- hooks-fixed@1.2.0
147 silly currentTree +-- inherits@2.0.3
147 silly currentTree +-- is-buffer@1.1.4
147 silly currentTree +-- isarray@1.0.0
147 silly currentTree +-- jade@1.11.0
147 silly currentTree | +-- character-parser@1.2.1
147 silly currentTree | +-- clean-css@3.4.19
147 silly currentTree | | +-- commander@2.8.1
147 silly currentTree | | | `-- graceful-readlink@1.0.1
147 silly currentTree | | `-- source-map@0.4.4
147 silly currentTree | |   `-- amdefine@1.0.0
147 silly currentTree | +-- commander@2.6.0
147 silly currentTree | +-- constantinople@3.0.2
147 silly currentTree | | `-- acorn@2.7.0
147 silly currentTree | +-- jstransformer@0.0.2
147 silly currentTree | | +-- is-promise@2.1.0
147 silly currentTree | | `-- promise@6.1.0
147 silly currentTree | |   `-- asap@1.0.0
147 silly currentTree | +-- mkdirp@0.5.1
147 silly currentTree | | `-- minimist@0.0.8
147 silly currentTree | +-- transformers@2.1.0
147 silly currentTree | | +-- css@1.0.8
147 silly currentTree | | | +-- css-parse@1.0.4
147 silly currentTree | | | `-- css-stringify@1.0.5
147 silly currentTree | | +-- promise@2.0.0
147 silly currentTree | | | `-- is-promise@1.0.1
147 silly currentTree | | `-- uglify-js@2.2.5
147 silly currentTree | |   +-- optimist@0.3.7
147 silly currentTree | |   | `-- wordwrap@0.0.3
147 silly currentTree | |   `-- source-map@0.1.43
147 silly currentTree | |     `-- amdefine@1.0.0
147 silly currentTree | +-- uglify-js@2.7.3
147 silly currentTree | | +-- async@0.2.10
147 silly currentTree | | +-- source-map@0.5.6
147 silly currentTree | | +-- uglify-to-browserify@1.0.2
147 silly currentTree | | `-- yargs@3.10.0
147 silly currentTree | |   +-- camelcase@1.2.1
147 silly currentTree | |   +-- cliui@2.1.0
147 silly currentTree | |   | +-- center-align@0.1.3
147 silly currentTree | |   | | +-- align-text@0.1.4
147 silly currentTree | |   | | | +-- kind-of@3.0.4
147 silly currentTree | |   | | | | `-- is-buffer@1.1.4
147 silly currentTree | |   | | | +-- longest@1.0.1
147 silly currentTree | |   | | | `-- repeat-string@1.5.4
147 silly currentTree | |   | | `-- lazy-cache@1.0.4
147 silly currentTree | |   | +-- right-align@0.1.3
147 silly currentTree | |   | | `-- align-text@0.1.4
147 silly currentTree | |   | |   +-- kind-of@3.0.4
147 silly currentTree | |   | |   | `-- is-buffer@1.1.4
147 silly currentTree | |   | |   +-- longest@1.0.1
147 silly currentTree | |   | |   `-- repeat-string@1.5.4
147 silly currentTree | |   | `-- wordwrap@0.0.2
147 silly currentTree | |   +-- decamelize@1.2.0
147 silly currentTree | |   `-- window-size@0.1.0
147 silly currentTree | +-- void-elements@2.0.1
147 silly currentTree | `-- with@4.0.3
147 silly currentTree |   +-- acorn-globals@1.0.9
147 silly currentTree |   | `-- acorn@2.7.0
147 silly currentTree |   `-- acorn@1.2.2
147 silly currentTree +-- kareem@1.1.3
147 silly currentTree +-- mongodb-core@2.0.12
147 silly currentTree +-- mongodb@2.2.10
147 silly currentTree +-- mongoose@4.6.1
147 silly currentTree +-- morgan@1.7.0
147 silly currentTree | +-- basic-auth@1.0.4
147 silly currentTree | +-- depd@1.1.0
147 silly currentTree | +-- on-finished@2.3.0
147 silly currentTree | | `-- ee-first@1.1.1
147 silly currentTree | `-- on-headers@1.0.1
147 silly currentTree +-- mpath@0.2.1
147 silly currentTree +-- mpromise@0.5.5
147 silly currentTree +-- mquery@1.11.0
147 silly currentTree | `-- sliced@0.0.5
147 silly currentTree +-- ms@0.7.1
147 silly currentTree +-- muri@1.1.0
147 silly currentTree +-- process-nextick-args@1.0.7
147 silly currentTree +-- pug@2.0.0-beta6
147 silly currentTree | +-- pug-code-gen@1.1.0
147 silly currentTree | | +-- constantinople@3.1.0
147 silly currentTree | | | +-- acorn@3.3.0
147 silly currentTree | | | `-- is-expression@2.1.0
147 silly currentTree | | |   `-- object-assign@4.1.0
147 silly currentTree | | +-- doctypes@1.1.0
147 silly currentTree | | +-- js-stringify@1.0.2
147 silly currentTree | | +-- pug-attrs@2.0.1
147 silly currentTree | | +-- pug-error@1.3.1
147 silly currentTree | | +-- void-elements@2.0.1
147 silly currentTree | | `-- with@5.1.1
147 silly currentTree | |   +-- acorn-globals@3.0.0
147 silly currentTree | |   `-- acorn@3.3.0
147 silly currentTree | +-- pug-filters@1.2.4
147 silly currentTree | | +-- clean-css@3.4.19
147 silly currentTree | | | +-- commander@2.8.1
147 silly currentTree | | | | `-- graceful-readlink@1.0.1
147 silly currentTree | | | `-- source-map@0.4.4
147 silly currentTree | | |   `-- amdefine@1.0.0
147 silly currentTree | | +-- constantinople@3.1.0
147 silly currentTree | | | +-- acorn@3.3.0
147 silly currentTree | | | `-- is-expression@2.1.0
147 silly currentTree | | |   `-- object-assign@4.1.0
147 silly currentTree | | +-- jstransformer@1.0.0
147 silly currentTree | | | +-- is-promise@2.1.0
147 silly currentTree | | | `-- promise@7.1.1
147 silly currentTree | | |   `-- asap@2.0.4
147 silly currentTree | | +-- pug-error@1.3.1
147 silly currentTree | | +-- pug-walk@1.0.0
147 silly currentTree | | +-- resolve@1.1.7
147 silly currentTree | | `-- uglify-js@2.7.3
147 silly currentTree | |   +-- async@0.2.10
147 silly currentTree | |   +-- source-map@0.5.6
147 silly currentTree | |   +-- uglify-to-browserify@1.0.2
147 silly currentTree | |   `-- yargs@3.10.0
147 silly currentTree | |     +-- camelcase@1.2.1
147 silly currentTree | |     +-- cliui@2.1.0
147 silly currentTree | |     | +-- center-align@0.1.3
147 silly currentTree | |     | | +-- align-text@0.1.4
147 silly currentTree | |     | | | +-- kind-of@3.0.4
147 silly currentTree | |     | | | +-- longest@1.0.1
147 silly currentTree | |     | | | `-- repeat-string@1.5.4
147 silly currentTree | |     | | `-- lazy-cache@1.0.4
147 silly currentTree | |     | +-- right-align@0.1.3
147 silly currentTree | |     | | `-- align-text@0.1.4
147 silly currentTree | |     | |   +-- kind-of@3.0.4
147 silly currentTree | |     | |   +-- longest@1.0.1
147 silly currentTree | |     | |   `-- repeat-string@1.5.4
147 silly currentTree | |     | `-- wordwrap@0.0.2
147 silly currentTree | |     +-- decamelize@1.2.0
147 silly currentTree | |     `-- window-size@0.1.0
147 silly currentTree | +-- pug-lexer@2.3.0
147 silly currentTree | | +-- character-parser@2.2.0
147 silly currentTree | | | `-- is-regex@1.0.3
147 silly currentTree | | +-- is-expression@3.0.0
147 silly currentTree | | | +-- acorn@4.0.2
147 silly currentTree | | | `-- object-assign@4.1.0
147 silly currentTree | | `-- pug-error@1.3.1
147 silly currentTree | +-- pug-linker@1.0.1
147 silly currentTree | | +-- pug-error@1.3.1
147 silly currentTree | | `-- pug-walk@1.0.0
147 silly currentTree | +-- pug-load@2.0.3
147 silly currentTree | | +-- object-assign@4.1.0
147 silly currentTree | | `-- pug-walk@1.0.0
147 silly currentTree | +-- pug-parser@2.0.1
147 silly currentTree | | +-- pug-error@1.3.1
147 silly currentTree | | `-- token-stream@0.0.1
147 silly currentTree | +-- pug-runtime@2.0.2
147 silly currentTree | `-- pug-strip-comments@1.0.1
147 silly currentTree |   `-- pug-error@1.3.1
147 silly currentTree +-- python@0.0.4
147 silly currentTree +-- readable-stream@2.1.5
147 silly currentTree +-- regexp-clone@0.0.1
147 silly currentTree +-- require_optional@1.0.0
147 silly currentTree +-- resolve-from@2.0.0
147 silly currentTree +-- semver@5.3.0
147 silly currentTree +-- serve-favicon@2.3.0
147 silly currentTree | +-- etag@1.7.0
147 silly currentTree | +-- fresh@0.3.0
147 silly currentTree | +-- ms@0.7.1
147 silly currentTree | `-- parseurl@1.3.1
147 silly currentTree +-- sliced@1.0.1
147 silly currentTree +-- string_decoder@0.10.31
147 silly currentTree `-- util-deprecate@1.0.2
148 silly idealTree portfolio-app@0.0.0
148 silly idealTree +-- angular@1.5.8
148 silly idealTree +-- async@1.5.2
148 silly idealTree +-- babel-cli@6.14.0
148 silly idealTree | +-- babel-core@6.14.0
148 silly idealTree | | +-- babel-code-frame@6.11.0
148 silly idealTree | | | +-- esutils@2.0.2
148 silly idealTree | | | `-- js-tokens@2.0.0
148 silly idealTree | | +-- babel-generator@6.14.0
148 silly idealTree | | | `-- detect-indent@3.0.1
148 silly idealTree | | |   +-- get-stdin@4.0.1
148 silly idealTree | | |   +-- minimist@1.2.0
148 silly idealTree | | |   `-- repeating@1.1.3
148 silly idealTree | | |     `-- is-finite@1.0.1
148 silly idealTree | | |       `-- number-is-nan@1.0.0
148 silly idealTree | | +-- babel-helpers@6.8.0
148 silly idealTree | | +-- babel-messages@6.8.0
148 silly idealTree | | +-- babel-template@6.15.0
148 silly idealTree | | +-- babel-traverse@6.15.0
148 silly idealTree | | | +-- globals@8.18.0
148 silly idealTree | | | `-- invariant@2.2.1
148 silly idealTree | | |   `-- loose-envify@1.2.0
148 silly idealTree | | |     `-- js-tokens@1.0.3
148 silly idealTree | | +-- babel-types@6.15.0
148 silly idealTree | | | +-- esutils@2.0.2
148 silly idealTree | | | `-- to-fast-properties@1.0.2
148 silly idealTree | | +-- babylon@6.11.2
148 silly idealTree | | +-- json5@0.4.0
148 silly idealTree | | +-- minimatch@3.0.3
148 silly idealTree | | | `-- brace-expansion@1.1.6
148 silly idealTree | | |   +-- balanced-match@0.4.2
148 silly idealTree | | |   `-- concat-map@0.0.1
148 silly idealTree | | +-- private@0.1.6
148 silly idealTree | | `-- shebang-regex@1.0.0
148 silly idealTree | +-- babel-polyfill@6.13.0
148 silly idealTree | | +-- core-js@2.4.1
148 silly idealTree | | `-- regenerator-runtime@0.9.5
148 silly idealTree | +-- babel-register@6.14.0
148 silly idealTree | | +-- core-js@2.4.1
148 silly idealTree | | +-- home-or-tmp@1.0.0
148 silly idealTree | | | +-- os-tmpdir@1.0.1
148 silly idealTree | | | `-- user-home@1.1.1
148 silly idealTree | | +-- mkdirp@0.5.1
148 silly idealTree | | | `-- minimist@0.0.8
148 silly idealTree | | `-- source-map-support@0.2.10
148 silly idealTree | |   `-- source-map@0.1.32
148 silly idealTree | |     `-- amdefine@1.0.0
148 silly idealTree | +-- babel-runtime@6.11.6
148 silly idealTree | | +-- core-js@2.4.1
148 silly idealTree | | `-- regenerator-runtime@0.9.5
148 silly idealTree | +-- bin-version-check@2.1.0
148 silly idealTree | | +-- bin-version@1.0.4
148 silly idealTree | | | `-- find-versions@1.2.1
148 silly idealTree | | |   +-- array-uniq@1.0.3
148 silly idealTree | | |   +-- get-stdin@4.0.1
148 silly idealTree | | |   +-- meow@3.7.0
148 silly idealTree | | |   | +-- camelcase-keys@2.1.0
148 silly idealTree | | |   | | `-- camelcase@2.1.1
148 silly idealTree | | |   | +-- decamelize@1.2.0
148 silly idealTree | | |   | +-- loud-rejection@1.6.0
148 silly idealTree | | |   | | +-- currently-unhandled@0.4.1
148 silly idealTree | | |   | | | `-- array-find-index@1.0.1
148 silly idealTree | | |   | | `-- signal-exit@3.0.1
148 silly idealTree | | |   | +-- map-obj@1.0.1
148 silly idealTree | | |   | +-- normalize-package-data@2.3.5
148 silly idealTree | | |   | | +-- hosted-git-info@2.1.5
148 silly idealTree | | |   | | +-- is-builtin-module@1.0.0
148 silly idealTree | | |   | | | `-- builtin-modules@1.1.1
148 silly idealTree | | |   | | `-- validate-npm-package-license@3.0.1
148 silly idealTree | | |   | |   +-- spdx-correct@1.0.2
148 silly idealTree | | |   | |   | `-- spdx-license-ids@1.2.2
148 silly idealTree | | |   | |   `-- spdx-expression-parse@1.0.3
148 silly idealTree | | |   | +-- object-assign@4.1.0
148 silly idealTree | | |   | +-- read-pkg-up@1.0.1
148 silly idealTree | | |   | | +-- find-up@1.1.2
148 silly idealTree | | |   | | | +-- path-exists@2.1.0
148 silly idealTree | | |   | | | `-- pinkie-promise@2.0.1
148 silly idealTree | | |   | | |   `-- pinkie@2.0.4
148 silly idealTree | | |   | | `-- read-pkg@1.1.0
148 silly idealTree | | |   | |   +-- load-json-file@1.1.0
148 silly idealTree | | |   | |   | +-- graceful-fs@4.1.6
148 silly idealTree | | |   | |   | +-- parse-json@2.2.0
148 silly idealTree | | |   | |   | | `-- error-ex@1.3.0
148 silly idealTree | | |   | |   | |   `-- is-arrayish@0.2.1
148 silly idealTree | | |   | |   | +-- pify@2.3.0
148 silly idealTree | | |   | |   | +-- pinkie-promise@2.0.1
148 silly idealTree | | |   | |   | | `-- pinkie@2.0.4
148 silly idealTree | | |   | |   | `-- strip-bom@2.0.0
148 silly idealTree | | |   | |   |   `-- is-utf8@0.2.1
148 silly idealTree | | |   | |   `-- path-type@1.1.0
148 silly idealTree | | |   | |     +-- graceful-fs@4.1.6
148 silly idealTree | | |   | |     +-- pify@2.3.0
148 silly idealTree | | |   | |     `-- pinkie-promise@2.0.1
148 silly idealTree | | |   | |       `-- pinkie@2.0.4
148 silly idealTree | | |   | +-- redent@1.0.0
148 silly idealTree | | |   | | +-- indent-string@2.1.0
148 silly idealTree | | |   | | | `-- repeating@2.0.1
148 silly idealTree | | |   | | |   `-- is-finite@1.0.1
148 silly idealTree | | |   | | |     `-- number-is-nan@1.0.0
148 silly idealTree | | |   | | `-- strip-indent@1.0.1
148 silly idealTree | | |   | `-- trim-newlines@1.0.0
148 silly idealTree | | |   `-- semver-regex@1.0.0
148 silly idealTree | | +-- minimist@1.2.0
148 silly idealTree | | +-- semver-truncate@1.1.2
148 silly idealTree | | | `-- semver@5.3.0
148 silly idealTree | | `-- semver@4.3.6
148 silly idealTree | +-- chalk@1.1.1
148 silly idealTree | | +-- ansi-styles@2.2.1
148 silly idealTree | | +-- escape-string-regexp@1.0.5
148 silly idealTree | | +-- has-ansi@2.0.0
148 silly idealTree | | | `-- ansi-regex@2.0.0
148 silly idealTree | | +-- strip-ansi@3.0.1
148 silly idealTree | | | `-- ansi-regex@2.0.0
148 silly idealTree | | `-- supports-color@2.0.0
148 silly idealTree | +-- chokidar@1.6.0
148 silly idealTree | | +-- anymatch@1.3.0
148 silly idealTree | | | +-- arrify@1.0.1
148 silly idealTree | | | `-- micromatch@2.3.11
148 silly idealTree | | |   +-- arr-diff@2.0.0
148 silly idealTree | | |   | `-- arr-flatten@1.0.1
148 silly idealTree | | |   +-- array-unique@0.2.1
148 silly idealTree | | |   +-- braces@1.8.5
148 silly idealTree | | |   | +-- expand-range@1.8.2
148 silly idealTree | | |   | | `-- fill-range@2.2.3
148 silly idealTree | | |   | |   +-- is-number@2.1.0
148 silly idealTree | | |   | |   +-- isobject@2.1.0
148 silly idealTree | | |   | |   | `-- isarray@1.0.0
148 silly idealTree | | |   | |   +-- randomatic@1.1.5
148 silly idealTree | | |   | |   `-- repeat-string@1.5.4
148 silly idealTree | | |   | +-- preserve@0.2.0
148 silly idealTree | | |   | `-- repeat-element@1.1.2
148 silly idealTree | | |   +-- expand-brackets@0.1.5
148 silly idealTree | | |   | `-- is-posix-bracket@0.1.1
148 silly idealTree | | |   +-- extglob@0.3.2
148 silly idealTree | | |   +-- filename-regex@2.0.0
148 silly idealTree | | |   +-- is-extglob@1.0.0
148 silly idealTree | | |   +-- kind-of@3.0.4
148 silly idealTree | | |   | `-- is-buffer@1.1.4
148 silly idealTree | | |   +-- normalize-path@2.0.1
148 silly idealTree | | |   +-- object.omit@2.0.0
148 silly idealTree | | |   | +-- for-own@0.1.4
148 silly idealTree | | |   | | `-- for-in@0.1.6
148 silly idealTree | | |   | `-- is-extendable@0.1.1
148 silly idealTree | | |   +-- parse-glob@3.0.4
148 silly idealTree | | |   | +-- glob-base@0.3.0
148 silly idealTree | | |   | `-- is-dotfile@1.0.2
148 silly idealTree | | |   `-- regex-cache@0.4.3
148 silly idealTree | | |     +-- is-equal-shallow@0.1.3
148 silly idealTree | | |     `-- is-primitive@2.0.0
148 silly idealTree | | +-- async-each@1.0.1
148 silly idealTree | | +-- glob-parent@2.0.0
148 silly idealTree | | +-- inherits@2.0.3
148 silly idealTree | | +-- is-binary-path@1.0.1
148 silly idealTree | | | `-- binary-extensions@1.6.0
148 silly idealTree | | +-- is-glob@2.0.1
148 silly idealTree | | | `-- is-extglob@1.0.0
148 silly idealTree | | `-- readdirp@2.1.0
148 silly idealTree | |   +-- graceful-fs@4.1.6
148 silly idealTree | |   +-- minimatch@3.0.3
148 silly idealTree | |   | `-- brace-expansion@1.1.6
148 silly idealTree | |   |   +-- balanced-match@0.4.2
148 silly idealTree | |   |   `-- concat-map@0.0.1
148 silly idealTree | |   +-- readable-stream@2.1.5
148 silly idealTree | |   | +-- buffer-shims@1.0.0
148 silly idealTree | |   | +-- core-util-is@1.0.2
148 silly idealTree | |   | +-- isarray@1.0.0
148 silly idealTree | |   | +-- process-nextick-args@1.0.7
148 silly idealTree | |   | +-- string_decoder@0.10.31
148 silly idealTree | |   | `-- util-deprecate@1.0.2
148 silly idealTree | |   `-- set-immediate-shim@1.0.1
148 silly idealTree | +-- commander@2.9.0
148 silly idealTree | | `-- graceful-readlink@1.0.1
148 silly idealTree | +-- convert-source-map@1.3.0
148 silly idealTree | +-- fs-readdir-recursive@0.1.2
148 silly idealTree | +-- glob@5.0.15
148 silly idealTree | | +-- inflight@1.0.5
148 silly idealTree | | | `-- wrappy@1.0.2
148 silly idealTree | | +-- inherits@2.0.3
148 silly idealTree | | +-- minimatch@3.0.3
148 silly idealTree | | | `-- brace-expansion@1.1.6
148 silly idealTree | | |   +-- balanced-match@0.4.2
148 silly idealTree | | |   `-- concat-map@0.0.1
148 silly idealTree | | `-- once@1.4.0
148 silly idealTree | |   `-- wrappy@1.0.2
148 silly idealTree | +-- lodash@4.16.2
148 silly idealTree | +-- log-symbols@1.0.2
148 silly idealTree | +-- output-file-sync@1.1.2
148 silly idealTree | | +-- graceful-fs@4.1.6
148 silly idealTree | | +-- mkdirp@0.5.1
148 silly idealTree | | | `-- minimist@0.0.8
148 silly idealTree | | `-- object-assign@4.1.0
148 silly idealTree | +-- path-exists@1.0.0
148 silly idealTree | +-- path-is-absolute@1.0.0
148 silly idealTree | +-- request@2.75.0
148 silly idealTree | | +-- aws-sign2@0.6.0
148 silly idealTree | | +-- aws4@1.4.1
148 silly idealTree | | +-- bl@1.1.2
148 silly idealTree | | | `-- readable-stream@2.0.6
148 silly idealTree | | |   +-- core-util-is@1.0.2
148 silly idealTree | | |   +-- inherits@2.0.3
148 silly idealTree | | |   +-- isarray@1.0.0
148 silly idealTree | | |   +-- process-nextick-args@1.0.7
148 silly idealTree | | |   +-- string_decoder@0.10.31
148 silly idealTree | | |   `-- util-deprecate@1.0.2
148 silly idealTree | | +-- caseless@0.11.0
148 silly idealTree | | +-- combined-stream@1.0.5
148 silly idealTree | | | `-- delayed-stream@1.0.0
148 silly idealTree | | +-- extend@3.0.0
148 silly idealTree | | +-- forever-agent@0.6.1
148 silly idealTree | | +-- form-data@2.0.0
148 silly idealTree | | | `-- asynckit@0.4.0
148 silly idealTree | | +-- har-validator@2.0.6
148 silly idealTree | | | +-- is-my-json-valid@2.14.0
148 silly idealTree | | | | +-- generate-function@2.0.0
148 silly idealTree | | | | +-- generate-object-property@1.2.0
148 silly idealTree | | | | | `-- is-property@1.0.2
148 silly idealTree | | | | +-- jsonpointer@2.0.0
148 silly idealTree | | | | `-- xtend@4.0.1
148 silly idealTree | | | `-- pinkie-promise@2.0.1
148 silly idealTree | | |   `-- pinkie@2.0.4
148 silly idealTree | | +-- hawk@3.1.3
148 silly idealTree | | | +-- boom@2.10.1
148 silly idealTree | | | +-- cryptiles@2.0.5
148 silly idealTree | | | +-- hoek@2.16.3
148 silly idealTree | | | `-- sntp@1.0.9
148 silly idealTree | | +-- http-signature@1.1.1
148 silly idealTree | | | +-- assert-plus@0.2.0
148 silly idealTree | | | +-- jsprim@1.3.1
148 silly idealTree | | | | +-- extsprintf@1.0.2
148 silly idealTree | | | | +-- json-schema@0.2.3
148 silly idealTree | | | | `-- verror@1.3.6
148 silly idealTree | | | `-- sshpk@1.10.0
148 silly idealTree | | |   +-- asn1@0.2.3
148 silly idealTree | | |   +-- assert-plus@1.0.0
148 silly idealTree | | |   +-- bcrypt-pbkdf@1.0.0
148 silly idealTree | | |   | `-- tweetnacl@0.14.3
148 silly idealTree | | |   +-- dashdash@1.14.0
148 silly idealTree | | |   +-- ecc-jsbn@0.1.1
148 silly idealTree | | |   +-- getpass@0.1.6
148 silly idealTree | | |   +-- jodid25519@1.0.2
148 silly idealTree | | |   +-- jsbn@0.1.0
148 silly idealTree | | |   `-- tweetnacl@0.13.3
148 silly idealTree | | +-- is-typedarray@1.0.0
148 silly idealTree | | +-- isstream@0.1.2
148 silly idealTree | | +-- json-stringify-safe@5.0.1
148 silly idealTree | | +-- mime-types@2.1.12
148 silly idealTree | | | `-- mime-db@1.24.0
148 silly idealTree | | +-- node-uuid@1.4.7
148 silly idealTree | | +-- oauth-sign@0.8.2
148 silly idealTree | | +-- qs@6.2.1
148 silly idealTree | | +-- stringstream@0.0.5
148 silly idealTree | | +-- tough-cookie@2.3.1
148 silly idealTree | | `-- tunnel-agent@0.4.3
148 silly idealTree | +-- slash@1.0.0
148 silly idealTree | +-- source-map@0.5.6
148 silly idealTree | `-- v8flags@2.0.11
148 silly idealTree |   `-- user-home@1.1.1
148 silly idealTree +-- bcrypt@0.8.7
148 silly idealTree +-- bindings@1.2.1
148 silly idealTree +-- bluebird@2.10.2
148 silly idealTree +-- body-parser@1.15.2
148 silly idealTree | +-- bytes@2.4.0
148 silly idealTree | +-- content-type@1.0.2
148 silly idealTree | +-- depd@1.1.0
148 silly idealTree | +-- http-errors@1.5.0
148 silly idealTree | | +-- inherits@2.0.1
148 silly idealTree | | +-- setprototypeof@1.0.1
148 silly idealTree | | `-- statuses@1.3.0
148 silly idealTree | +-- iconv-lite@0.4.13
148 silly idealTree | +-- on-finished@2.3.0
148 silly idealTree | | `-- ee-first@1.1.1
148 silly idealTree | +-- qs@6.2.0
148 silly idealTree | +-- raw-body@2.1.7
148 silly idealTree | | `-- unpipe@1.0.0
148 silly idealTree | `-- type-is@1.6.13
148 silly idealTree |   +-- media-typer@0.3.0
148 silly idealTree |   `-- mime-types@2.1.11
148 silly idealTree |     `-- mime-db@1.23.0
148 silly idealTree +-- bson@0.5.5
148 silly idealTree +-- buffer-shims@1.0.0
148 silly idealTree +-- cookie-parser@1.4.3
148 silly idealTree | +-- cookie-signature@1.0.6
148 silly idealTree | `-- cookie@0.3.1
148 silly idealTree +-- core-util-is@1.0.2
148 silly idealTree +-- debug@2.2.0
148 silly idealTree | `-- ms@0.7.1
148 silly idealTree +-- es6-promise@3.2.1
148 silly idealTree +-- express-sitemap@1.6.5
148 silly idealTree | +-- setheaders@0.1.7
148 silly idealTree | `-- tickle@1.3.0
148 silly idealTree +-- express@4.13.4
148 silly idealTree | +-- accepts@1.2.13
148 silly idealTree | | +-- mime-types@2.1.11
148 silly idealTree | | | `-- mime-db@1.23.0
148 silly idealTree | | `-- negotiator@0.5.3
148 silly idealTree | +-- array-flatten@1.1.1
148 silly idealTree | +-- content-disposition@0.5.1
148 silly idealTree | +-- content-type@1.0.2
148 silly idealTree | +-- cookie-signature@1.0.6
148 silly idealTree | +-- cookie@0.1.5
148 silly idealTree | +-- depd@1.1.0
148 silly idealTree | +-- escape-html@1.0.3
148 silly idealTree | +-- etag@1.7.0
148 silly idealTree | +-- finalhandler@0.4.1
148 silly idealTree | | `-- unpipe@1.0.0
148 silly idealTree | +-- fresh@0.3.0
148 silly idealTree | +-- merge-descriptors@1.0.1
148 silly idealTree | +-- methods@1.1.2
148 silly idealTree | +-- on-finished@2.3.0
148 silly idealTree | | `-- ee-first@1.1.1
148 silly idealTree | +-- parseurl@1.3.1
148 silly idealTree | +-- path-to-regexp@0.1.7
148 silly idealTree | +-- proxy-addr@1.0.10
148 silly idealTree | | +-- forwarded@0.1.0
148 silly idealTree | | `-- ipaddr.js@1.0.5
148 silly idealTree | +-- qs@4.0.0
148 silly idealTree | +-- range-parser@1.0.3
148 silly idealTree | +-- send@0.13.1
148 silly idealTree | | +-- destroy@1.0.4
148 silly idealTree | | +-- http-errors@1.3.1
148 silly idealTree | | | `-- inherits@2.0.3
148 silly idealTree | | +-- mime@1.3.4
148 silly idealTree | | +-- ms@0.7.1
148 silly idealTree | | `-- statuses@1.2.1
148 silly idealTree | +-- serve-static@1.10.3
148 silly idealTree | | `-- send@0.13.2
148 silly idealTree | |   +-- destroy@1.0.4
148 silly idealTree | |   +-- http-errors@1.3.1
148 silly idealTree | |   | `-- inherits@2.0.3
148 silly idealTree | |   +-- mime@1.3.4
148 silly idealTree | |   +-- ms@0.7.1
148 silly idealTree | |   `-- statuses@1.2.1
148 silly idealTree | +-- type-is@1.6.13
148 silly idealTree | | +-- media-typer@0.3.0
148 silly idealTree | | `-- mime-types@2.1.11
148 silly idealTree | |   `-- mime-db@1.23.0
148 silly idealTree | +-- utils-merge@1.0.0
148 silly idealTree | `-- vary@1.0.1
148 silly idealTree +-- hooks-fixed@1.2.0
148 silly idealTree +-- inherits@2.0.3
148 silly idealTree +-- is-buffer@1.1.4
148 silly idealTree +-- isarray@1.0.0
148 silly idealTree +-- jade@1.11.0
148 silly idealTree | +-- character-parser@1.2.1
148 silly idealTree | +-- clean-css@3.4.19
148 silly idealTree | | +-- commander@2.8.1
148 silly idealTree | | | `-- graceful-readlink@1.0.1
148 silly idealTree | | `-- source-map@0.4.4
148 silly idealTree | |   `-- amdefine@1.0.0
148 silly idealTree | +-- commander@2.6.0
148 silly idealTree | +-- constantinople@3.0.2
148 silly idealTree | | `-- acorn@2.7.0
148 silly idealTree | +-- jstransformer@0.0.2
148 silly idealTree | | +-- is-promise@2.1.0
148 silly idealTree | | `-- promise@6.1.0
148 silly idealTree | |   `-- asap@1.0.0
148 silly idealTree | +-- mkdirp@0.5.1
148 silly idealTree | | `-- minimist@0.0.8
148 silly idealTree | +-- transformers@2.1.0
148 silly idealTree | | +-- css@1.0.8
148 silly idealTree | | | +-- css-parse@1.0.4
148 silly idealTree | | | `-- css-stringify@1.0.5
148 silly idealTree | | +-- promise@2.0.0
148 silly idealTree | | | `-- is-promise@1.0.1
148 silly idealTree | | `-- uglify-js@2.2.5
148 silly idealTree | |   +-- optimist@0.3.7
148 silly idealTree | |   | `-- wordwrap@0.0.3
148 silly idealTree | |   `-- source-map@0.1.43
148 silly idealTree | |     `-- amdefine@1.0.0
148 silly idealTree | +-- uglify-js@2.7.3
148 silly idealTree | | +-- async@0.2.10
148 silly idealTree | | +-- source-map@0.5.6
148 silly idealTree | | +-- uglify-to-browserify@1.0.2
148 silly idealTree | | `-- yargs@3.10.0
148 silly idealTree | |   +-- camelcase@1.2.1
148 silly idealTree | |   +-- cliui@2.1.0
148 silly idealTree | |   | +-- center-align@0.1.3
148 silly idealTree | |   | | +-- align-text@0.1.4
148 silly idealTree | |   | | | +-- kind-of@3.0.4
148 silly idealTree | |   | | | | `-- is-buffer@1.1.4
148 silly idealTree | |   | | | +-- longest@1.0.1
148 silly idealTree | |   | | | `-- repeat-string@1.5.4
148 silly idealTree | |   | | `-- lazy-cache@1.0.4
148 silly idealTree | |   | +-- right-align@0.1.3
148 silly idealTree | |   | | `-- align-text@0.1.4
148 silly idealTree | |   | |   +-- kind-of@3.0.4
148 silly idealTree | |   | |   | `-- is-buffer@1.1.4
148 silly idealTree | |   | |   +-- longest@1.0.1
148 silly idealTree | |   | |   `-- repeat-string@1.5.4
148 silly idealTree | |   | `-- wordwrap@0.0.2
148 silly idealTree | |   +-- decamelize@1.2.0
148 silly idealTree | |   `-- window-size@0.1.0
148 silly idealTree | +-- void-elements@2.0.1
148 silly idealTree | `-- with@4.0.3
148 silly idealTree |   +-- acorn-globals@1.0.9
148 silly idealTree |   | `-- acorn@2.7.0
148 silly idealTree |   `-- acorn@1.2.2
148 silly idealTree +-- kareem@1.1.3
148 silly idealTree +-- mongodb-core@2.0.12
148 silly idealTree +-- mongodb@2.2.10
148 silly idealTree +-- mongoose@4.6.1
148 silly idealTree +-- morgan@1.7.0
148 silly idealTree | +-- basic-auth@1.0.4
148 silly idealTree | +-- depd@1.1.0
148 silly idealTree | +-- on-finished@2.3.0
148 silly idealTree | | `-- ee-first@1.1.1
148 silly idealTree | `-- on-headers@1.0.1
148 silly idealTree +-- mpath@0.2.1
148 silly idealTree +-- mpromise@0.5.5
148 silly idealTree +-- mquery@1.11.0
148 silly idealTree | `-- sliced@0.0.5
148 silly idealTree +-- ms@0.7.1
148 silly idealTree +-- muri@1.1.0
148 silly idealTree +-- nan@2.3.5
148 silly idealTree +-- process-nextick-args@1.0.7
148 silly idealTree +-- pug@2.0.0-beta6
148 silly idealTree | +-- pug-code-gen@1.1.0
148 silly idealTree | | +-- constantinople@3.1.0
148 silly idealTree | | | +-- acorn@3.3.0
148 silly idealTree | | | `-- is-expression@2.1.0
148 silly idealTree | | |   `-- object-assign@4.1.0
148 silly idealTree | | +-- doctypes@1.1.0
148 silly idealTree | | +-- js-stringify@1.0.2
148 silly idealTree | | +-- pug-attrs@2.0.1
148 silly idealTree | | +-- pug-error@1.3.1
148 silly idealTree | | +-- void-elements@2.0.1
148 silly idealTree | | `-- with@5.1.1
148 silly idealTree | |   +-- acorn-globals@3.0.0
148 silly idealTree | |   `-- acorn@3.3.0
148 silly idealTree | +-- pug-filters@1.2.4
148 silly idealTree | | +-- clean-css@3.4.19
148 silly idealTree | | | +-- commander@2.8.1
148 silly idealTree | | | | `-- graceful-readlink@1.0.1
148 silly idealTree | | | `-- source-map@0.4.4
148 silly idealTree | | |   `-- amdefine@1.0.0
148 silly idealTree | | +-- constantinople@3.1.0
148 silly idealTree | | | +-- acorn@3.3.0
148 silly idealTree | | | `-- is-expression@2.1.0
148 silly idealTree | | |   `-- object-assign@4.1.0
148 silly idealTree | | +-- jstransformer@1.0.0
148 silly idealTree | | | +-- is-promise@2.1.0
148 silly idealTree | | | `-- promise@7.1.1
148 silly idealTree | | |   `-- asap@2.0.4
148 silly idealTree | | +-- pug-error@1.3.1
148 silly idealTree | | +-- pug-walk@1.0.0
148 silly idealTree | | +-- resolve@1.1.7
148 silly idealTree | | `-- uglify-js@2.7.3
148 silly idealTree | |   +-- async@0.2.10
148 silly idealTree | |   +-- source-map@0.5.6
148 silly idealTree | |   +-- uglify-to-browserify@1.0.2
148 silly idealTree | |   `-- yargs@3.10.0
148 silly idealTree | |     +-- camelcase@1.2.1
148 silly idealTree | |     +-- cliui@2.1.0
148 silly idealTree | |     | +-- center-align@0.1.3
148 silly idealTree | |     | | +-- align-text@0.1.4
148 silly idealTree | |     | | | +-- kind-of@3.0.4
148 silly idealTree | |     | | | +-- longest@1.0.1
148 silly idealTree | |     | | | `-- repeat-string@1.5.4
148 silly idealTree | |     | | `-- lazy-cache@1.0.4
148 silly idealTree | |     | +-- right-align@0.1.3
148 silly idealTree | |     | | `-- align-text@0.1.4
148 silly idealTree | |     | |   +-- kind-of@3.0.4
148 silly idealTree | |     | |   +-- longest@1.0.1
148 silly idealTree | |     | |   `-- repeat-string@1.5.4
148 silly idealTree | |     | `-- wordwrap@0.0.2
148 silly idealTree | |     +-- decamelize@1.2.0
148 silly idealTree | |     `-- window-size@0.1.0
148 silly idealTree | +-- pug-lexer@2.3.0
148 silly idealTree | | +-- character-parser@2.2.0
148 silly idealTree | | | `-- is-regex@1.0.3
148 silly idealTree | | +-- is-expression@3.0.0
148 silly idealTree | | | +-- acorn@4.0.2
148 silly idealTree | | | `-- object-assign@4.1.0
148 silly idealTree | | `-- pug-error@1.3.1
148 silly idealTree | +-- pug-linker@1.0.1
148 silly idealTree | | +-- pug-error@1.3.1
148 silly idealTree | | `-- pug-walk@1.0.0
148 silly idealTree | +-- pug-load@2.0.3
148 silly idealTree | | +-- object-assign@4.1.0
148 silly idealTree | | `-- pug-walk@1.0.0
148 silly idealTree | +-- pug-parser@2.0.1
148 silly idealTree | | +-- pug-error@1.3.1
148 silly idealTree | | `-- token-stream@0.0.1
148 silly idealTree | +-- pug-runtime@2.0.2
148 silly idealTree | `-- pug-strip-comments@1.0.1
148 silly idealTree |   `-- pug-error@1.3.1
148 silly idealTree +-- python@0.0.4
148 silly idealTree +-- readable-stream@2.1.5
148 silly idealTree +-- regexp-clone@0.0.1
148 silly idealTree +-- require_optional@1.0.0
148 silly idealTree +-- resolve-from@2.0.0
148 silly idealTree +-- semver@5.3.0
148 silly idealTree +-- serve-favicon@2.3.0
148 silly idealTree | +-- etag@1.7.0
148 silly idealTree | +-- fresh@0.3.0
148 silly idealTree | +-- ms@0.7.1
148 silly idealTree | `-- parseurl@1.3.1
148 silly idealTree +-- sliced@1.0.1
148 silly idealTree +-- string_decoder@0.10.31
148 silly idealTree `-- util-deprecate@1.0.2
149 silly generateActionsToTake Starting
150 silly install generateActionsToTake
151 silly generateActionsToTake Finishing
152 silly diffTrees action count 3
153 silly diffTrees add bindings@1.2.1
154 silly diffTrees add nan@2.3.5
155 silly diffTrees add bcrypt@0.8.7
156 silly decomposeActions action count 24
157 silly decomposeActions fetch bindings@1.2.1
158 silly decomposeActions extract bindings@1.2.1
159 silly decomposeActions test bindings@1.2.1
160 silly decomposeActions preinstall bindings@1.2.1
161 silly decomposeActions build bindings@1.2.1
162 silly decomposeActions install bindings@1.2.1
163 silly decomposeActions postinstall bindings@1.2.1
164 silly decomposeActions finalize bindings@1.2.1
165 silly decomposeActions fetch nan@2.3.5
166 silly decomposeActions extract nan@2.3.5
167 silly decomposeActions test nan@2.3.5
168 silly decomposeActions preinstall nan@2.3.5
169 silly decomposeActions build nan@2.3.5
170 silly decomposeActions install nan@2.3.5
171 silly decomposeActions postinstall nan@2.3.5
172 silly decomposeActions finalize nan@2.3.5
173 silly decomposeActions fetch bcrypt@0.8.7
174 silly decomposeActions extract bcrypt@0.8.7
175 silly decomposeActions test bcrypt@0.8.7
176 silly decomposeActions preinstall bcrypt@0.8.7
177 silly decomposeActions build bcrypt@0.8.7
178 silly decomposeActions install bcrypt@0.8.7
179 silly decomposeActions postinstall bcrypt@0.8.7
180 silly decomposeActions finalize bcrypt@0.8.7
181 silly runTopLevelLifecycles Starting
182 silly executeActions Starting
183 silly install executeActions
184 silly doSerial global-install 0
185 silly doParallel fetch 3
186 verbose correctMkdir C:\Users\mcondit\AppData\Roaming\npm-cache\_locks correctMkdir not in flight; initializing
187 verbose lock using C:\Users\mcondit\AppData\Roaming\npm-cache\_locks\staging-5937294ea2a4f4c3.lock for C:\Users\mcondit\Documents\Personal\Matthew-Condit-Portfolio\node_modules\.staging
188 silly doParallel extract 3
189 silly extract bindings@1.2.1
190 silly extract nan@2.3.5
191 silly extract bcrypt@0.8.7
192 verbose unbuild node_modules\.staging\bindings-91f2424a
193 verbose unbuild node_modules\.staging\nan-ea30aeac
194 verbose unbuild node_modules\.staging\bcrypt-a00cf2cd
195 silly gentlyRm C:\Users\mcondit\Documents\Personal\Matthew-Condit-Portfolio\node_modules\.staging\bindings-91f2424a is being purged from base C:\Users\mcondit\Documents\Personal\Matthew-Condit-Portfolio
196 verbose gentlyRm don't care about contents; nuking C:\Users\mcondit\Documents\Personal\Matthew-Condit-Portfolio\node_modules\.staging\bindings-91f2424a
197 silly gentlyRm C:\Users\mcondit\Documents\Personal\Matthew-Condit-Portfolio\node_modules\.staging\nan-ea30aeac is being purged from base C:\Users\mcondit\Documents\Personal\Matthew-Condit-Portfolio
198 verbose gentlyRm don't care about contents; nuking C:\Users\mcondit\Documents\Personal\Matthew-Condit-Portfolio\node_modules\.staging\nan-ea30aeac
199 silly gentlyRm C:\Users\mcondit\Documents\Personal\Matthew-Condit-Portfolio\node_modules\.staging\bcrypt-a00cf2cd is being purged from base C:\Users\mcondit\Documents\Personal\Matthew-Condit-Portfolio
200 verbose gentlyRm don't care about contents; nuking C:\Users\mcondit\Documents\Personal\Matthew-Condit-Portfolio\node_modules\.staging\bcrypt-a00cf2cd
201 verbose tar unpack C:\Users\mcondit\AppData\Roaming\npm-cache\bindings\1.2.1\package.tgz
202 verbose tar unpacking to C:\Users\mcondit\Documents\Personal\Matthew-Condit-Portfolio\node_modules\.staging\bindings-91f2424a
203 silly gentlyRm C:\Users\mcondit\Documents\Personal\Matthew-Condit-Portfolio\node_modules\.staging\bindings-91f2424a is being purged
204 verbose gentlyRm don't care about contents; nuking C:\Users\mcondit\Documents\Personal\Matthew-Condit-Portfolio\node_modules\.staging\bindings-91f2424a
205 verbose tar unpack C:\Users\mcondit\AppData\Roaming\npm-cache\nan\2.3.5\package.tgz
206 verbose tar unpacking to C:\Users\mcondit\Documents\Personal\Matthew-Condit-Portfolio\node_modules\.staging\nan-ea30aeac
207 silly gentlyRm C:\Users\mcondit\Documents\Personal\Matthew-Condit-Portfolio\node_modules\.staging\nan-ea30aeac is being purged
208 verbose gentlyRm don't care about contents; nuking C:\Users\mcondit\Documents\Personal\Matthew-Condit-Portfolio\node_modules\.staging\nan-ea30aeac
209 verbose tar unpack C:\Users\mcondit\AppData\Roaming\npm-cache\bcrypt\0.8.7\package.tgz
210 verbose tar unpacking to C:\Users\mcondit\Documents\Personal\Matthew-Condit-Portfolio\node_modules\.staging\bcrypt-a00cf2cd
211 silly gentlyRm C:\Users\mcondit\Documents\Personal\Matthew-Condit-Portfolio\node_modules\.staging\bcrypt-a00cf2cd is being purged
212 verbose gentlyRm don't care about contents; nuking C:\Users\mcondit\Documents\Personal\Matthew-Condit-Portfolio\node_modules\.staging\bcrypt-a00cf2cd
213 silly gunzTarPerm modes [ '777', '666' ]
214 silly gunzTarPerm modes [ '777', '666' ]
215 silly gunzTarPerm modes [ '777', '666' ]
216 silly gunzTarPerm extractEntry package.json
217 silly gunzTarPerm modified mode [ 'package.json', 420, 438 ]
218 silly gunzTarPerm extractEntry package.json
219 silly gunzTarPerm modified mode [ 'package.json', 436, 438 ]
220 silly gunzTarPerm extractEntry package.json
221 silly gunzTarPerm modified mode [ 'package.json', 420, 438 ]
222 silly gunzTarPerm extractEntry README.md
223 silly gunzTarPerm modified mode [ 'README.md', 420, 438 ]
224 silly gunzTarPerm extractEntry bindings.js
225 silly gunzTarPerm modified mode [ 'bindings.js', 420, 438 ]
226 silly gunzTarPerm extractEntry README.md
227 silly gunzTarPerm modified mode [ 'README.md', 436, 438 ]
228 silly gunzTarPerm extractEntry include_dirs.js
229 silly gunzTarPerm modified mode [ 'include_dirs.js', 436, 438 ]
230 silly gunzTarPerm extractEntry .npmignore
231 silly gunzTarPerm modified mode [ '.npmignore', 420, 438 ]
232 silly gunzTarPerm extractEntry README.md
233 silly gunzTarPerm modified mode [ 'README.md', 420, 438 ]
234 silly gunzTarPerm extractEntry LICENSE
235 silly gunzTarPerm modified mode [ 'LICENSE', 420, 438 ]
236 silly gunzTarPerm extractEntry bcrypt.js
237 silly gunzTarPerm modified mode [ 'bcrypt.js', 420, 438 ]
238 silly gunzTarPerm extractEntry Makefile
239 silly gunzTarPerm modified mode [ 'Makefile', 420, 438 ]
240 silly gunzTarPerm extractEntry .travis.yml
241 silly gunzTarPerm modified mode [ '.travis.yml', 420, 438 ]
242 silly gunzTarPerm extractEntry CHANGELOG.md
243 silly gunzTarPerm modified mode [ 'CHANGELOG.md', 420, 438 ]
244 silly gunzTarPerm extractEntry binding.gyp
245 silly gunzTarPerm modified mode [ 'binding.gyp', 420, 438 ]
246 silly gunzTarPerm extractEntry examples/async_compare.js
247 silly gunzTarPerm modified mode [ 'examples/async_compare.js', 420, 438 ]
248 silly gunzTarPerm extractEntry examples/forever_gen_salt.js
249 silly gunzTarPerm modified mode [ 'examples/forever_gen_salt.js', 420, 438 ]
250 silly gunzTarPerm extractEntry test/async.js
251 silly gunzTarPerm modified mode [ 'test/async.js', 420, 438 ]
252 silly gunzTarPerm extractEntry test/repetitions.js
253 silly gunzTarPerm modified mode [ 'test/repetitions.js', 420, 438 ]
254 silly gunzTarPerm extractEntry test/sync.js
255 silly gunzTarPerm modified mode [ 'test/sync.js', 420, 438 ]
256 silly gunzTarPerm extractEntry ISSUE_TEMPLATE.md
257 silly gunzTarPerm modified mode [ 'ISSUE_TEMPLATE.md', 420, 438 ]
258 silly gunzTarPerm extractEntry src/bcrypt.cc
259 silly gunzTarPerm modified mode [ 'src/bcrypt.cc', 420, 438 ]
260 silly gunzTarPerm extractEntry src/bcrypt_node.cc
261 silly gunzTarPerm modified mode [ 'src/bcrypt_node.cc', 420, 438 ]
262 silly gunzTarPerm extractEntry src/blowfish.cc
263 silly gunzTarPerm modified mode [ 'src/blowfish.cc', 420, 438 ]
264 silly gunzTarPerm extractEntry src/node_blf.h
265 silly gunzTarPerm modified mode [ 'src/node_blf.h', 420, 438 ]
266 silly gunzTarPerm extractEntry werker.yml
267 silly gunzTarPerm modified mode [ 'werker.yml', 420, 438 ]
268 silly gunzTarPerm extractEntry nan_converters.h
269 silly gunzTarPerm modified mode [ 'nan_converters.h', 436, 438 ]
270 silly gunzTarPerm extractEntry LICENSE.md
271 silly gunzTarPerm modified mode [ 'LICENSE.md', 436, 438 ]
272 silly gunzTarPerm extractEntry doc/node_misc.md
273 silly gunzTarPerm modified mode [ 'doc/node_misc.md', 436, 438 ]
274 silly gunzTarPerm extractEntry doc/asyncworker.md
275 silly gunzTarPerm modified mode [ 'doc/asyncworker.md', 436, 438 ]
276 silly gunzTarPerm extractEntry doc/callback.md
277 silly gunzTarPerm modified mode [ 'doc/callback.md', 436, 438 ]
278 silly gunzTarPerm extractEntry doc/converters.md
279 silly gunzTarPerm modified mode [ 'doc/converters.md', 436, 438 ]
280 silly gunzTarPerm extractEntry doc/errors.md
281 silly gunzTarPerm modified mode [ 'doc/errors.md', 436, 438 ]
282 silly gunzTarPerm extractEntry doc/maybe_types.md
283 silly gunzTarPerm modified mode [ 'doc/maybe_types.md', 436, 438 ]
284 silly gentlyRm C:\Users\mcondit\Documents\Personal\Matthew-Condit-Portfolio\node_modules\.staging\bindings-91f2424a\node_modules is being purged
285 verbose gentlyRm don't care about contents; nuking C:\Users\mcondit\Documents\Personal\Matthew-Condit-Portfolio\node_modules\.staging\bindings-91f2424a\node_modules
286 silly gunzTarPerm extractEntry doc/methods.md
287 silly gunzTarPerm modified mode [ 'doc/methods.md', 436, 438 ]
288 silly gunzTarPerm extractEntry doc/new.md
289 silly gunzTarPerm modified mode [ 'doc/new.md', 436, 438 ]
290 silly gunzTarPerm extractEntry doc/buffers.md
291 silly gunzTarPerm modified mode [ 'doc/buffers.md', 436, 438 ]
292 silly gunzTarPerm extractEntry doc/object_wrappers.md
293 silly gunzTarPerm modified mode [ 'doc/object_wrappers.md', 436, 438 ]
294 silly gunzTarPerm extractEntry doc/persistent.md
295 silly gunzTarPerm modified mode [ 'doc/persistent.md', 436, 438 ]
296 silly gunzTarPerm extractEntry doc/scopes.md
297 silly gunzTarPerm modified mode [ 'doc/scopes.md', 436, 438 ]
298 silly gunzTarPerm extractEntry doc/script.md
299 silly gunzTarPerm modified mode [ 'doc/script.md', 436, 438 ]
300 silly gunzTarPerm extractEntry doc/string_bytes.md
301 silly gunzTarPerm modified mode [ 'doc/string_bytes.md', 436, 438 ]
302 silly gunzTarPerm extractEntry doc/v8_internals.md
303 silly gunzTarPerm modified mode [ 'doc/v8_internals.md', 436, 438 ]
304 silly gunzTarPerm extractEntry doc/v8_misc.md
305 silly gunzTarPerm modified mode [ 'doc/v8_misc.md', 436, 438 ]
306 silly gunzTarPerm extractEntry nan.h
307 silly gunzTarPerm modified mode [ 'nan.h', 436, 438 ]
308 silly gunzTarPerm extractEntry nan_callbacks.h
309 silly gunzTarPerm modified mode [ 'nan_callbacks.h', 436, 438 ]
310 silly gunzTarPerm extractEntry nan_callbacks_12_inl.h
311 silly gunzTarPerm modified mode [ 'nan_callbacks_12_inl.h', 436, 438 ]
312 silly gunzTarPerm extractEntry nan_callbacks_pre_12_inl.h
313 silly gunzTarPerm modified mode [ 'nan_callbacks_pre_12_inl.h', 436, 438 ]
314 silly gunzTarPerm extractEntry nan_converters_43_inl.h
315 silly gunzTarPerm modified mode [ 'nan_converters_43_inl.h', 436, 438 ]
316 silly gunzTarPerm extractEntry nan_converters_pre_43_inl.h
317 silly gunzTarPerm modified mode [ 'nan_converters_pre_43_inl.h', 436, 438 ]
318 silly gunzTarPerm extractEntry nan_implementation_12_inl.h
319 silly gunzTarPerm modified mode [ 'nan_implementation_12_inl.h', 436, 438 ]
320 silly gunzTarPerm extractEntry nan_implementation_pre_12_inl.h
321 silly gunzTarPerm modified mode [ 'nan_implementation_pre_12_inl.h', 436, 438 ]
322 silly gunzTarPerm extractEntry nan_maybe_43_inl.h
323 silly gunzTarPerm modified mode [ 'nan_maybe_43_inl.h', 436, 438 ]
324 silly gunzTarPerm extractEntry nan_maybe_pre_43_inl.h
325 silly gunzTarPerm modified mode [ 'nan_maybe_pre_43_inl.h', 436, 438 ]
326 silly gunzTarPerm extractEntry nan_new.h
327 silly gunzTarPerm modified mode [ 'nan_new.h', 436, 438 ]
328 silly gunzTarPerm extractEntry nan_object_wrap.h
329 silly gunzTarPerm modified mode [ 'nan_object_wrap.h', 436, 438 ]
330 silly gunzTarPerm extractEntry nan_persistent_12_inl.h
331 silly gunzTarPerm modified mode [ 'nan_persistent_12_inl.h', 436, 438 ]
332 silly gunzTarPerm extractEntry nan_persistent_pre_12_inl.h
333 silly gunzTarPerm modified mode [ 'nan_persistent_pre_12_inl.h', 436, 438 ]
334 silly gunzTarPerm extractEntry nan_string_bytes.h
335 silly gunzTarPerm modified mode [ 'nan_string_bytes.h', 436, 438 ]
336 silly gunzTarPerm extractEntry nan_typedarray_contents.h
337 silly gunzTarPerm modified mode [ 'nan_typedarray_contents.h', 436, 438 ]
338 silly gunzTarPerm extractEntry nan_weak.h
339 silly gunzTarPerm modified mode [ 'nan_weak.h', 436, 438 ]
340 silly gunzTarPerm extractEntry CHANGELOG.md
341 silly gunzTarPerm modified mode [ 'CHANGELOG.md', 436, 438 ]
342 silly gunzTarPerm extractEntry tools/package.json
343 silly gunzTarPerm modified mode [ 'tools/package.json', 436, 438 ]
344 silly gunzTarPerm extractEntry tools/README.md
345 silly gunzTarPerm modified mode [ 'tools/README.md', 436, 438 ]
346 silly gunzTarPerm extractEntry tools/1to2.js
347 silly gunzTarPerm modified mode [ 'tools/1to2.js', 509, 511 ]
348 silly gentlyRm C:\Users\mcondit\Documents\Personal\Matthew-Condit-Portfolio\node_modules\.staging\bcrypt-a00cf2cd\node_modules is being purged
349 verbose gentlyRm don't care about contents; nuking C:\Users\mcondit\Documents\Personal\Matthew-Condit-Portfolio\node_modules\.staging\bcrypt-a00cf2cd\node_modules
350 silly gentlyRm C:\Users\mcondit\Documents\Personal\Matthew-Condit-Portfolio\node_modules\.staging\nan-ea30aeac\node_modules is being purged
351 verbose gentlyRm don't care about contents; nuking C:\Users\mcondit\Documents\Personal\Matthew-Condit-Portfolio\node_modules\.staging\nan-ea30aeac\node_modules
352 silly doParallel preinstall 3
353 silly preinstall bindings@1.2.1 C:\Users\mcondit\Documents\Personal\Matthew-Condit-Portfolio\node_modules\.staging\bindings-91f2424a
354 info lifecycle bindings@1.2.1~preinstall: bindings@1.2.1
355 silly preinstall nan@2.3.5 C:\Users\mcondit\Documents\Personal\Matthew-Condit-Portfolio\node_modules\.staging\nan-ea30aeac
356 info lifecycle nan@2.3.5~preinstall: nan@2.3.5
357 silly preinstall bcrypt@0.8.7 C:\Users\mcondit\Documents\Personal\Matthew-Condit-Portfolio\node_modules\.staging\bcrypt-a00cf2cd
358 info lifecycle bcrypt@0.8.7~preinstall: bcrypt@0.8.7
359 silly lifecycle bindings@1.2.1~preinstall: no script for preinstall, continuing
360 silly lifecycle nan@2.3.5~preinstall: no script for preinstall, continuing
361 silly lifecycle bcrypt@0.8.7~preinstall: no script for preinstall, continuing
362 silly doReverseSerial remove 0
363 silly doSerial move 0
364 silly doSerial finalize 3
365 silly finalize C:\Users\mcondit\Documents\Personal\Matthew-Condit-Portfolio\node_modules\bindings
366 silly finalize C:\Users\mcondit\Documents\Personal\Matthew-Condit-Portfolio\node_modules\nan
367 silly finalize C:\Users\mcondit\Documents\Personal\Matthew-Condit-Portfolio\node_modules\bcrypt
368 silly doSerial build 3
369 silly build bindings@1.2.1
370 info linkStuff bindings@1.2.1
371 silly linkStuff bindings@1.2.1 has C:\Users\mcondit\Documents\Personal\Matthew-Condit-Portfolio\node_modules as its parent node_modules
372 verbose linkBins bindings@1.2.1
373 verbose linkMans bindings@1.2.1
374 silly build nan@2.3.5
375 info linkStuff nan@2.3.5
376 silly linkStuff nan@2.3.5 has C:\Users\mcondit\Documents\Personal\Matthew-Condit-Portfolio\node_modules as its parent node_modules
377 verbose linkBins nan@2.3.5
378 verbose linkMans nan@2.3.5
379 silly build bcrypt@0.8.7
380 info linkStuff bcrypt@0.8.7
381 silly linkStuff bcrypt@0.8.7 has C:\Users\mcondit\Documents\Personal\Matthew-Condit-Portfolio\node_modules as its parent node_modules
382 verbose linkBins bcrypt@0.8.7
383 verbose linkMans bcrypt@0.8.7
384 silly doSerial global-link 0
385 silly doParallel update-linked 0
386 silly doSerial install 3
387 silly install bindings@1.2.1 C:\Users\mcondit\Documents\Personal\Matthew-Condit-Portfolio\node_modules\.staging\bindings-91f2424a
388 info lifecycle bindings@1.2.1~install: bindings@1.2.1
389 silly lifecycle bindings@1.2.1~install: no script for install, continuing
390 silly install nan@2.3.5 C:\Users\mcondit\Documents\Personal\Matthew-Condit-Portfolio\node_modules\.staging\nan-ea30aeac
391 info lifecycle nan@2.3.5~install: nan@2.3.5
392 silly lifecycle nan@2.3.5~install: no script for install, continuing
393 silly install bcrypt@0.8.7 C:\Users\mcondit\Documents\Personal\Matthew-Condit-Portfolio\node_modules\.staging\bcrypt-a00cf2cd
394 info lifecycle bcrypt@0.8.7~install: bcrypt@0.8.7
395 verbose lifecycle bcrypt@0.8.7~install: unsafe-perm in lifecycle true
396 verbose lifecycle bcrypt@0.8.7~install: PATH: C:\Users\mcondit\AppData\Roaming\npm\node_modules\npm\bin\node-gyp-bin;C:\Users\mcondit\Documents\Personal\Matthew-Condit-Portfolio\node_modules\bcrypt\node_modules\.bin;C:\Users\mcondit\Documents\Personal\Matthew-Condit-Portfolio\node_modules\.bin;C:\ProgramData\Oracle\Java\javapath;C:\Program Files (x86)\NVIDIA Corporation\PhysX\Common;C:\WINDOWS\system32;C:\WINDOWS;C:\WINDOWS\System32\Wbem;C:\WINDOWS\System32\WindowsPowerShell\v1.0\;C:\Program Files (x86)\Shoreline Communications\ShoreWare Client\;C:\Program Files (x86)\Shoreline Communications\ShoreWare Client\win64;C:\Program Files (x86)\Windows Kits\8.1\Windows Performance Toolkit\;C:\Program Files\Microsoft SQL Server\110\Tools\Binn\;C:\Program Files (x86)\Microsoft SQL Server\Client SDK\ODBC\130\Tools\Binn\;C:\Program Files (x86)\Microsoft SQL Server\130\Tools\Binn\;C:\Program Files (x86)\Microsoft SQL Server\130\DTS\Binn\;C:\Program Files (x86)\Microsoft SQL Server\130\Tools\Binn\ManagementStudio\;C:\Program Files\Sublime Text 3;C:\Program Files\nodejs\;C:\Program Files\Git\cmd;C:\Program Files\Amazon\AWSCLI\;C:\Ruby23-x64\bin;C:\Users\mcondit\AppData\Local\atom\bin;C:\Users\mcondit\AppData\Roaming\npm;C:\Program Files\MongoDB\Server\3.2\bin;C:\Program Files (x86)\GnuWin32\bin
397 verbose lifecycle bcrypt@0.8.7~install: CWD: C:\Users\mcondit\Documents\Personal\Matthew-Condit-Portfolio\node_modules\bcrypt
398 silly lifecycle bcrypt@0.8.7~install: Args: [ '/d /s /c', 'node-gyp rebuild' ]
399 silly lifecycle bcrypt@0.8.7~install: Returned: code: 1  signal: null
400 info lifecycle bcrypt@0.8.7~install: Failed to exec install script
401 verbose unlock done using C:\Users\mcondit\AppData\Roaming\npm-cache\_locks\staging-5937294ea2a4f4c3.lock for C:\Users\mcondit\Documents\Personal\Matthew-Condit-Portfolio\node_modules\.staging
402 silly rollbackFailedOptional Starting
403 silly rollbackFailedOptional Finishing
404 silly runTopLevelLifecycles Finishing
405 silly install printInstalled
406 warn optional SKIPPING OPTIONAL DEPENDENCY: fsevents@^1.0.0 (node_modules\babel-cli\node_modules\chokidar\node_modules\fsevents):
407 warn notsup SKIPPING OPTIONAL DEPENDENCY: Unsupported platform for fsevents@1.0.14: wanted {"os":"darwin","arch":"any"} (current: {"os":"win32","arch":"x64"})
408 verbose notsup SKIPPING OPTIONAL DEPENDENCY: Valid OS:    darwin
408 verbose notsup SKIPPING OPTIONAL DEPENDENCY: Valid Arch:  any
408 verbose notsup SKIPPING OPTIONAL DEPENDENCY: Actual OS:   win32
408 verbose notsup SKIPPING OPTIONAL DEPENDENCY: Actual Arch: x64
409 verbose stack Error: bcrypt@0.8.7 install: `node-gyp rebuild`
409 verbose stack Exit status 1
409 verbose stack     at EventEmitter.<anonymous> (C:\Users\mcondit\AppData\Roaming\npm\node_modules\npm\lib\utils\lifecycle.js:255:16)
409 verbose stack     at emitTwo (events.js:87:13)
409 verbose stack     at EventEmitter.emit (events.js:172:7)
409 verbose stack     at ChildProcess.<anonymous> (C:\Users\mcondit\AppData\Roaming\npm\node_modules\npm\lib\utils\spawn.js:40:14)
409 verbose stack     at emitTwo (events.js:87:13)
409 verbose stack     at ChildProcess.emit (events.js:172:7)
409 verbose stack     at maybeClose (internal/child_process.js:829:16)
409 verbose stack     at Process.ChildProcess._handle.onexit (internal/child_process.js:211:5)
410 verbose pkgid bcrypt@0.8.7
411 verbose cwd C:\Users\mcondit\Documents\Personal\Matthew-Condit-Portfolio
412 error Windows_NT 10.0.10240
413 error argv "C:\\Program Files\\nodejs\\node.exe" "C:\\Users\\mcondit\\AppData\\Roaming\\npm\\node_modules\\npm\\bin\\npm-cli.js" "install" "bcrypt"
414 error node v4.5.0
415 error npm  v3.10.8
416 error code ELIFECYCLE
417 error bcrypt@0.8.7 install: `node-gyp rebuild`
417 error Exit status 1
418 error Failed at the bcrypt@0.8.7 install script 'node-gyp rebuild'.
418 error Make sure you have the latest version of node.js and npm installed.
418 error If you do, this is most likely a problem with the bcrypt package,
418 error not with npm itself.
418 error Tell the author that this fails on your system:
418 error     node-gyp rebuild
418 error You can get information on how to open an issue for this project with:
418 error     npm bugs bcrypt
418 error Or if that isn't available, you can get their info via:
418 error     npm owner ls bcrypt
418 error There is likely additional logging output above.
419 verbose exit [ 1, true ]
